22:17:15.339 detox[24267] [90mB[39m node_modules/.bin/detox test -c ios.debug
  data: {
    "id": "38520936-e873-5a5a-2f3a-cb1adc8c38bb",
    "detoxConfig": {
      "configurationName": "ios.debug",
      "apps": {
        "default": {
          "type": "ios.app",
          "build": "xcodebuild -workspace ios/*.xcworkspace -scheme TimedancersMeditation -configuration Debug -sdk iphonesimulator -derivedDataPath ios/build",
          "binaryPath": "ios/build/Build/Products/Debug-iphonesimulator/TimedancersMeditation.app"
        }
      },
      "artifacts": {
        "rootDir": "e2e/artifacts/ios.debug.2025-09-22 21-17-15Z",
        "plugins": {
          "log": {
            "enabled": true,
            "keepOnlyFailedTestsArtifacts": false
          },
          "screenshot": {
            "shouldTakeAutomaticSnapshots": true,
            "keepOnlyFailedTestsArtifacts": true,
            "enabled": true
          },
          "video": {
            "enabled": false,
            "keepOnlyFailedTestsArtifacts": false
          },
          "instruments": {
            "enabled": true,
            "keepOnlyFailedTestsArtifacts": false
          },
          "uiHierarchy": {
            "enabled": false,
            "keepOnlyFailedTestsArtifacts": false
          }
        }
      },
      "behavior": {
        "init": {
          "keepLockFile": false,
          "reinstallApp": true,
          "exposeGlobals": true
        },
        "cleanup": {
          "shutdownDevice": false
        },
        "launchApp": "auto"
      },
      "cli": {
        "configuration": "ios.debug",
        "start": true
      },
      "commands": [
        {
          "appName": "default",
          "build": "xcodebuild -workspace ios/*.xcworkspace -scheme TimedancersMeditation -configuration Debug -sdk iphonesimulator -derivedDataPath ios/build"
        }
      ],
      "device": {
        "type": "ios.simulator",
        "device": {
          "type": "iPhone 16"
        }
      },
      "logger": {
        "level": "info",
        "overrideConsole": true,
        "options": {
          "showLoggerName": true,
          "showPid": true,
          "showLevel": false,
          "showMetadata": false,
          "basepath": "/Users/russellbrown/Developer/timedancers-meditation/node_modules/detox/src",
          "prefixers": {},
          "stringifiers": {}
        }
      },
      "testRunner": {
        "retries": 0,
        "forwardEnv": false,
        "detached": false,
        "bail": false,
        "noRetryArgs": [
          "shard"
        ],
        "jest": {
          "setupTimeout": 300000,
          "teardownTimeout": 30000,
          "retryAfterCircusRetries": false,
          "reportWorkerAssign": true
        },
        "args": {
          "$0": "jest",
          "_": [],
          "config": "e2e/jest.config.js",
          "--": []
        },
        "$0": "jest"
      },
      "session": {
        "autoStart": true,
        "debugSynchronization": 10000
      }
    },
    "detoxIPCServer": "primary-24267",
    "testResults": [],
    "testSessionIndex": 0,
    "workersCount": 0
  }
22:17:15.344 detox[24267] [90mi[39m Server path not specified, so defaulting to ipc.config.socketRoot + ipc.config.appspace + ipc.config.id /tmp/detox.primary-24267
22:17:15.346 detox[24267] [90mi[39m starting server on  /tmp/detox.primary-24267 
22:17:15.346 detox[24267] [90mi[39m starting TLS server false
22:17:15.346 detox[24267] [90mi[39m starting server as Unix || Windows Socket
22:17:15.347 detox[24267] [90mi[39m Detox server listening on localhost:52732...
22:17:15.349 detox[24267] [90mi[39m Serialized the session state at: /private/var/folders/tt/916p_lms6lnf31hx0kmlsmjh0000gn/T/38520936-e873-5a5a-2f3a-cb1adc8c38bb.detox.json
22:17:15.349 detox[24267] [90mB[39m jest --config e2e/jest.config.js
22:17:15.874 detox[24268] [90mi[39m Service path not specified, so defaulting to ipc.config.socketRoot + ipc.config.appspace + id 
22:17:15.874 detox[24268] [90mi[39m requested connection to  primary-24267 /tmp/detox.primary-24267
22:17:15.874 detox[24268] [90mi[39m Connecting client on Unix Socket : /tmp/detox.primary-24267
22:17:15.875 detox[24267] [90mi[39m ## socket connection to server detected ##
22:17:15.875 detox[24268] [90mi[39m retrying reset
22:17:15.876 detox[24268] [90mi[39m dispatching event to  primary-24267 /tmp/detox.primary-24267  :  registerContext , { id: 'secondary-24268' }
22:17:15.877 detox[24267] [90mi[39m received event of :  registerContext { id: 'secondary-24268' }
22:17:15.877 detox[24267] [90mi[39m dispatching event to socket  :  registerContextDone {
  testResults: [],
  testSessionIndex: 0,
  unsafe_earlyTeardown: undefined
}
22:17:15.877 detox[24268] [90mi[39m ## received events ##
22:17:15.878 detox[24268] [90mi[39m detected event registerContextDone { testResults: [], testSessionIndex: 0 }
22:17:15.938 detox[24268] [90mB[39m e2e/onboarding.e2e.ts
22:17:15.948 detox[24268] [90mB[39m set up environment
22:17:15.948 detox[24268] [90mi[39m dispatching event to  primary-24267 /tmp/detox.primary-24267  :  registerWorker , { workerId: 'w1' }
22:17:15.949 detox[24267] [90mi[39m received event of :  registerWorker { workerId: 'w1' }
22:17:15.949 detox[24267] [90mi[39m dispatching event to socket  :  registerWorkerDone { workersCount: 1 }
22:17:15.949 detox[24267] [90mi[39m broadcasting event to all known sockets listening to  /tmp/detox.primary-24267  :   sessionStateUpdate { workersCount: 1 }
22:17:15.949 detox[24268] [90mi[39m ## received events ##
22:17:15.949 detox[24268] [90mi[39m detected event registerWorkerDone { workersCount: 1 }
22:17:16.114 detox[24268] [90mi[39m ## received events ##
22:17:16.114 detox[24268] [90mi[39m detected event sessionStateUpdate { workersCount: 1 }
22:17:16.117 detox[24267] [90mB[39m connection :52732<->:52736
22:17:16.117 detox[24268] [90mi[39m opened web socket to: ws://localhost:52732
22:17:16.118 detox[24268] [90mi[39m send message
  data: {"type":"login","params":{"sessionId":"e46f48f1-fc64-980c-7dea-0694af2e74f9","role":"tester"},"messageId":0}
22:17:16.119 detox[24267] [90mi[39m get
  data: {"type":"login","params":{"sessionId":"e46f48f1-fc64-980c-7dea-0694af2e74f9","role":"tester"},"messageId":0}
22:17:16.119 detox[24267] [90mi[39m created session e46f48f1-fc64-980c-7dea-0694af2e74f9
22:17:16.119 detox[24267] [90mi[39m send
  data: {
    "type": "loginSuccess",
    "params": {
      "testerConnected": true,
      "appConnected": false
    },
    "messageId": 0
  }
22:17:16.119 detox[24267] [90mi[39m tester joined session e46f48f1-fc64-980c-7dea-0694af2e74f9
22:17:16.120 detox[24268] [90mi[39m get message
  data: {"type":"loginSuccess","params":{"testerConnected":true,"appConnected":false},"messageId":0}
   
22:17:16.388 detox[24267] [90mi[39m received event of :  allocateDevice {
  deviceConfig: { type: 'ios.simulator', device: { type: 'iPhone 16' } }
}
22:17:16.388 detox[24268] [90mi[39m dispatching event to  primary-24267 /tmp/detox.primary-24267  :  allocateDevice , {
  deviceConfig: { type: 'ios.simulator', device: { type: 'iPhone 16' } }
}
22:17:16.391 detox[24267] [90mB[39m init
  args: ()
22:17:16.392 detox[24267] [90mE[39m init
22:17:16.392 detox[24267] [90mB[39m allocate
  data: {
    "type": "ios.simulator",
    "device": {
      "type": "iPhone 16"
    }
  }
22:17:16.405 detox[24267] [90mi[39m applesimutils --list --byType "iPhone 16" --fields udid,os,identifier
22:17:16.405 detox[24267] [90mi[39m Searching for device by type = "iPhone 16" ...
22:17:16.686 detox[24267] [90mi[39m [
  {
    "os" : {
      "identifier" : "com.apple.CoreSimulator.SimRuntime.iOS-18-4"
    },
    "udid" : "A90F393D-72AC-4F90-BBE5-9C3B184A3157"
  },
  {
    "os" : {
      "identifier" : "com.apple.CoreSimulator.SimRuntime.iOS-18-0"
    },
    "udid" : "BF1CAF3D-3B23-4ECA-B8A2-5A9086487A78"
  }
]

22:17:16.686 detox[24267] [90mi[39m settled on A90F393D-72AC-4F90-BBE5-9C3B184A3157
  data: {
    "id": "A90F393D-72AC-4F90-BBE5-9C3B184A3157",
    "udid": "A90F393D-72AC-4F90-BBE5-9C3B184A3157"
  }
22:17:16.686 detox[24267] [90mE[39m allocate
22:17:16.686 detox[24267] [90mB[39m post-allocate: A90F393D-72AC-4F90-BBE5-9C3B184A3157
  data: {
    "id": "A90F393D-72AC-4F90-BBE5-9C3B184A3157",
    "udid": "A90F393D-72AC-4F90-BBE5-9C3B184A3157"
  }
22:17:16.686 detox[24267] [90mi[39m applesimutils --list --byId A90F393D-72AC-4F90-BBE5-9C3B184A3157 --maxResults 1 --fields udid,os,version,state
22:17:16.791 detox[24267] [90mi[39m [
  {
    "state" : "Booted",
    "os" : {
      "version" : "18.4"
    },
    "udid" : "A90F393D-72AC-4F90-BBE5-9C3B184A3157"
  }
]

22:17:16.791 detox[24267] [90mE[39m post-allocate: A90F393D-72AC-4F90-BBE5-9C3B184A3157
22:17:16.791 detox[24267] [90mi[39m dispatching event to socket  :  allocateDeviceDone {
  deviceCookie: {
    id: 'A90F393D-72AC-4F90-BBE5-9C3B184A3157',
    udid: 'A90F393D-72AC-4F90-BBE5-9C3B184A3157',
    type: 'ios.simulator',
    bootArgs: undefined,
    headless: undefined
  }
}
22:17:16.792 detox[24268] [90mi[39m ## received events ##
22:17:16.792 detox[24268] [90mi[39m detected event allocateDeviceDone {
  deviceCookie: {
    id: 'A90F393D-72AC-4F90-BBE5-9C3B184A3157',
    udid: 'A90F393D-72AC-4F90-BBE5-9C3B184A3157',
    type: 'ios.simulator'
  }
}
22:17:16.802 detox[24268] [90mB[39m onBootDevice
  args: ({"deviceId":"A90F393D-72AC-4F90-BBE5-9C3B184A3157"})
22:17:16.802 detox[24268] [90mE[39m onBootDevice
22:17:16.802 detox[24268] [90mB[39m installUtilBinaries
  args: ()
22:17:16.802 detox[24268] [90mE[39m installUtilBinaries
22:17:16.803 detox[24268] [90mB[39m selectApp
  args: ("default")
22:17:16.809 detox[24268] [90mE[39m selectApp
22:17:16.809 detox[24268] [90mB[39m uninstallApp
  args: ()
22:17:16.809 detox[24268] [90mB[39m onBeforeUninstallApp
  args: ({"deviceId":"A90F393D-72AC-4F90-BBE5-9C3B184A3157","bundleId":"org.timedancers.meditation"})
22:17:16.809 detox[24268] [90mE[39m onBeforeUninstallApp
22:17:16.809 detox[24268] [90mi[39m /usr/bin/xcrun simctl uninstall A90F393D-72AC-4F90-BBE5-9C3B184A3157 org.timedancers.meditation
22:17:16.809 detox[24268] [90mi[39m Uninstalling org.timedancers.meditation...
22:17:16.971 detox[24268] [90mi[39m org.timedancers.meditation uninstalled
22:17:16.972 detox[24268] [90mE[39m uninstallApp
22:17:16.972 detox[24268] [90mB[39m selectApp
  args: ("default")
22:17:16.972 detox[24268] [90mB[39m terminateApp
  args: ()
22:17:16.972 detox[24268] [90mB[39m onBeforeTerminateApp
  args: ({"deviceId":"A90F393D-72AC-4F90-BBE5-9C3B184A3157","bundleId":"org.timedancers.meditation"})
22:17:16.972 detox[24268] [90mE[39m onBeforeTerminateApp
22:17:16.972 detox[24268] [90mi[39m /usr/bin/xcrun simctl terminate A90F393D-72AC-4F90-BBE5-9C3B184A3157 org.timedancers.meditation
22:17:16.972 detox[24268] [90mi[39m Terminating org.timedancers.meditation...
22:17:18.088 detox[24268] [90mi[39m An error was encountered processing the command (domain=NSPOSIXErrorDomain, code=3):
Simulator device failed to terminate org.timedancers.meditation.
found nothing to terminate
Underlying error (domain=NSPOSIXErrorDomain, code=3):
	The request to terminate "org.timedancers.meditation" failed. found nothing to terminate
	found nothing to terminate

22:17:18.088 detox[24268] [90mi[39m Terminating org.timedancers.meditation...
22:17:18.220 detox[24268] [90mi[39m "/usr/bin/xcrun simctl terminate A90F393D-72AC-4F90-BBE5-9C3B184A3157 org.timedancers.meditation" failed with error = Error: Command failed: /usr/bin/xcrun simctl terminate A90F393D-72AC-4F90-BBE5-9C3B184A3157 org.timedancers.meditation
An error was encountered processing the command (domain=NSPOSIXErrorDomain, code=3):
Simulator device failed to terminate org.timedancers.meditation.
found nothing to terminate
Underlying error (domain=NSPOSIXErrorDomain, code=3):
	The request to terminate "org.timedancers.meditation" failed. found nothing to terminate
	found nothing to terminate
 (code=3), stdout and stderr:

22:17:18.220 detox[24268] [90mi[39m 
22:17:18.220 detox[24268] [90mi[39m An error was encountered processing the command (domain=NSPOSIXErrorDomain, code=3):
Simulator device failed to terminate org.timedancers.meditation.
found nothing to terminate
Underlying error (domain=NSPOSIXErrorDomain, code=3):
	The request to terminate "org.timedancers.meditation" failed. found nothing to terminate
	found nothing to terminate

22:17:18.220 detox[24268] [90mB[39m onTerminateApp
  args: ({"deviceId":"A90F393D-72AC-4F90-BBE5-9C3B184A3157","bundleId":"org.timedancers.meditation"})
22:17:18.220 detox[24268] [90mE[39m onTerminateApp
22:17:18.220 detox[24268] [90mE[39m terminateApp
22:17:18.220 detox[24268] [90mE[39m selectApp
22:17:18.220 detox[24268] [90mB[39m installApp
  args: ()
22:17:18.221 detox[24268] [90mi[39m /usr/bin/xcrun simctl install A90F393D-72AC-4F90-BBE5-9C3B184A3157 "/Users/russellbrown/Developer/timedancers-meditation/ios/build/Build/Products/Debug-iphonesimulator/TimedancersMeditation.app"
22:17:18.221 detox[24268] [90mi[39m Installing /Users/russellbrown/Developer/timedancers-meditation/ios/build/Build/Products/Debug-iphonesimulator/TimedancersMeditation.app...
22:17:18.488 detox[24268] [90mi[39m /Users/russellbrown/Developer/timedancers-meditation/ios/build/Build/Products/Debug-iphonesimulator/TimedancersMeditation.app installed
22:17:18.488 detox[24268] [90mE[39m installApp
22:17:18.489 detox[24268] [90mB[39m selectApp
  args: ("default")
22:17:18.489 detox[24268] [90mB[39m terminateApp
  args: ()
22:17:18.489 detox[24268] [90mB[39m onBeforeTerminateApp
  args: ({"deviceId":"A90F393D-72AC-4F90-BBE5-9C3B184A3157","bundleId":"org.timedancers.meditation"})
22:17:18.489 detox[24268] [90mE[39m onBeforeTerminateApp
22:17:18.489 detox[24268] [90mi[39m /usr/bin/xcrun simctl terminate A90F393D-72AC-4F90-BBE5-9C3B184A3157 org.timedancers.meditation
22:17:18.489 detox[24268] [90mi[39m Terminating org.timedancers.meditation...
22:17:19.594 detox[24268] [90mi[39m An error was encountered processing the command (domain=NSPOSIXErrorDomain, code=3):
Simulator device failed to terminate org.timedancers.meditation.
found nothing to terminate
Underlying error (domain=NSPOSIXErrorDomain, code=3):
	The request to terminate "org.timedancers.meditation" failed. found nothing to terminate
	found nothing to terminate

22:17:19.594 detox[24268] [90mi[39m Terminating org.timedancers.meditation...
22:17:19.723 detox[24268] [90mi[39m "/usr/bin/xcrun simctl terminate A90F393D-72AC-4F90-BBE5-9C3B184A3157 org.timedancers.meditation" failed with error = Error: Command failed: /usr/bin/xcrun simctl terminate A90F393D-72AC-4F90-BBE5-9C3B184A3157 org.timedancers.meditation
An error was encountered processing the command (domain=NSPOSIXErrorDomain, code=3):
Simulator device failed to terminate org.timedancers.meditation.
found nothing to terminate
Underlying error (domain=NSPOSIXErrorDomain, code=3):
	The request to terminate "org.timedancers.meditation" failed. found nothing to terminate
	found nothing to terminate
 (code=3), stdout and stderr:

22:17:19.723 detox[24268] [90mi[39m 
22:17:19.723 detox[24268] [90mi[39m An error was encountered processing the command (domain=NSPOSIXErrorDomain, code=3):
Simulator device failed to terminate org.timedancers.meditation.
found nothing to terminate
Underlying error (domain=NSPOSIXErrorDomain, code=3):
	The request to terminate "org.timedancers.meditation" failed. found nothing to terminate
	found nothing to terminate

22:17:19.723 detox[24268] [90mB[39m onTerminateApp
  args: ({"deviceId":"A90F393D-72AC-4F90-BBE5-9C3B184A3157","bundleId":"org.timedancers.meditation"})
22:17:19.723 detox[24268] [90mE[39m onTerminateApp
22:17:19.723 detox[24268] [90mE[39m terminateApp
22:17:19.723 detox[24268] [90mE[39m selectApp
22:17:19.723 detox[24268] [90mE[39m set up environment
22:17:20.050 detox[24268] [90mi[39m onboarding.e2e.ts is assigned to A90F393D-72AC-4F90-BBE5-9C3B184A3157 (iPhone 16)
22:17:20.051 detox[24268] [90mB[39m run the tests
22:17:20.051 detox[24268] [90mB[39m onRunDescribeStart
  args: ({"name":"ROOT_DESCRIBE_BLOCK"})
22:17:20.051 detox[24268] [90mE[39m onRunDescribeStart
22:17:20.052 detox[24268] [90mB[39m beforeAll
22:17:20.052 detox[24268] [90mB[39m launchApp
  args: ({"newInstance":true,"permissions":{"notifications":"YES"}})
22:17:20.052 detox[24268] [90mB[39m terminateApp
  args: ("org.timedancers.meditation")
22:17:20.052 detox[24268] [90mB[39m onBeforeTerminateApp
  args: ({"deviceId":"A90F393D-72AC-4F90-BBE5-9C3B184A3157","bundleId":"org.timedancers.meditation"})
22:17:20.052 detox[24268] [90mE[39m onBeforeTerminateApp
22:17:20.052 detox[24268] [90mi[39m /usr/bin/xcrun simctl terminate A90F393D-72AC-4F90-BBE5-9C3B184A3157 org.timedancers.meditation
22:17:20.052 detox[24268] [90mi[39m Terminating org.timedancers.meditation...
22:17:21.141 detox[24268] [90mi[39m An error was encountered processing the command (domain=NSPOSIXErrorDomain, code=3):
Simulator device failed to terminate org.timedancers.meditation.
found nothing to terminate
Underlying error (domain=NSPOSIXErrorDomain, code=3):
	The request to terminate "org.timedancers.meditation" failed. found nothing to terminate
	found nothing to terminate

22:17:21.141 detox[24268] [90mi[39m Terminating org.timedancers.meditation...
22:17:21.252 detox[24268] [90mi[39m "/usr/bin/xcrun simctl terminate A90F393D-72AC-4F90-BBE5-9C3B184A3157 org.timedancers.meditation" failed with error = Error: Command failed: /usr/bin/xcrun simctl terminate A90F393D-72AC-4F90-BBE5-9C3B184A3157 org.timedancers.meditation
An error was encountered processing the command (domain=NSPOSIXErrorDomain, code=3):
Simulator device failed to terminate org.timedancers.meditation.
found nothing to terminate
Underlying error (domain=NSPOSIXErrorDomain, code=3):
	The request to terminate "org.timedancers.meditation" failed. found nothing to terminate
	found nothing to terminate
 (code=3), stdout and stderr:

22:17:21.252 detox[24268] [90mi[39m 
22:17:21.252 detox[24268] [90mi[39m An error was encountered processing the command (domain=NSPOSIXErrorDomain, code=3):
Simulator device failed to terminate org.timedancers.meditation.
found nothing to terminate
Underlying error (domain=NSPOSIXErrorDomain, code=3):
	The request to terminate "org.timedancers.meditation" failed. found nothing to terminate
	found nothing to terminate

22:17:21.252 detox[24268] [90mB[39m onTerminateApp
  args: ({"deviceId":"A90F393D-72AC-4F90-BBE5-9C3B184A3157","bundleId":"org.timedancers.meditation"})
22:17:21.252 detox[24268] [90mE[39m onTerminateApp
22:17:21.252 detox[24268] [90mE[39m terminateApp
22:17:21.252 detox[24268] [90mi[39m applesimutils --byId A90F393D-72AC-4F90-BBE5-9C3B184A3157 --bundle org.timedancers.meditation --restartSB --setPermissions notifications=YES
22:17:21.252 detox[24268] [90mi[39m Trying to set permissions with AppleSimUtils: notifications=YES...
22:17:21.685 detox[24268] [90mi[39m notifications permissions are set
22:17:21.685 detox[24268] [90mB[39m onBeforeLaunchApp
  args: ({"bundleId":"org.timedancers.meditation","deviceId":"A90F393D-72AC-4F90-BBE5-9C3B184A3157","launchArgs":{"detoxServer":"ws://localhost:52732","detoxSessionId":"e46f48f1-fc64-980c-7dea-0694af2e74f9"}})
22:17:21.686 detox[24268] [90mi[39m starting SimulatorLogRecording {
  udid: 'A90F393D-72AC-4F90-BBE5-9C3B184A3157',
  bundleId: 'org.timedancers.meditation'
}
22:17:21.687 detox[24268] [90mi[39m /usr/bin/xcrun simctl get_app_container A90F393D-72AC-4F90-BBE5-9C3B184A3157 org.timedancers.meditation
22:17:21.805 detox[24268] [90mi[39m /Users/russellbrown/Library/Developer/CoreSimulator/Devices/A90F393D-72AC-4F90-BBE5-9C3B184A3157/data/Containers/Bundle/Application/808C49C9-28EB-4834-AD26-7F94CC7D88E1/TimedancersMeditation.app

22:17:21.805 detox[24268] [90mi[39m /usr/bin/xcrun simctl spawn A90F393D-72AC-4F90-BBE5-9C3B184A3157 log stream --level debug --style compact --predicate "processImagePath beginsWith \"/Users/russellbrown/Library/Developer/CoreSimulator/Devices/A90F393D-72AC-4F90-BBE5-9C3B184A3157/data/Containers/Bundle/Application/808C49C9-28EB-4834-AD26-7F94CC7D88E1/TimedancersMeditation.app\""
22:17:21.857 detox[24268] [90mE[39m onBeforeLaunchApp
22:17:21.857 detox[24268] [90mi[39m SIMCTL_CHILD_GULGeneratedClassDisposeDisabled=YES SIMCTL_CHILD_DYLD_INSERT_LIBRARIES="/Users/russellbrown/Library/Detox/ios/framework/ec6991bd5708049e5dd202db02b5795a1742a5b4/Detox.framework/Detox" /usr/bin/xcrun simctl launch A90F393D-72AC-4F90-BBE5-9C3B184A3157 org.timedancers.meditation --args -detoxServer ws://localhost:52732 -detoxSessionId e46f48f1-fc64-980c-7dea-0694af2e74f9 -detoxDebugVisibility YES -detoxDisableHierarchyDump YES
22:17:21.857 detox[24268] [90mi[39m Launching org.timedancers.meditation...
22:17:24.613 detox[24268] [90mi[39m org.timedancers.meditation: 24374

22:17:24.613 detox[24268] [90mi[39m /usr/bin/xcrun simctl get_app_container A90F393D-72AC-4F90-BBE5-9C3B184A3157 org.timedancers.meditation
22:17:24.779 detox[24268] [90mi[39m /Users/russellbrown/Library/Developer/CoreSimulator/Devices/A90F393D-72AC-4F90-BBE5-9C3B184A3157/data/Containers/Bundle/Application/808C49C9-28EB-4834-AD26-7F94CC7D88E1/TimedancersMeditation.app

22:17:24.785 detox[24268] [90mi[39m org.timedancers.meditation launched. To watch simulator logs, run:
        /usr/bin/xcrun simctl spawn A90F393D-72AC-4F90-BBE5-9C3B184A3157 log stream --level debug --style compact --predicate 'process == "TimedancersMeditation"'
22:17:24.785 detox[24268] [90mB[39m onLaunchApp
  args: ({"bundleId":"org.timedancers.meditation","deviceId":"A90F393D-72AC-4F90-BBE5-9C3B184A3157","launchArgs":{"detoxServer":"ws://localhost:52732","detoxSessionId":"e46f48f1-fc64-980c-7dea-0694af2e74f9","detoxDebugVisibility":"YES","detoxDisableHierarchyDump":"YES"},"pid":24374})
22:17:24.785 detox[24268] [90mE[39m onLaunchApp
22:17:25.542 detox[24267] [90mB[39m connection :52732<->:52756
22:17:26.058 detox[24267] [90mi[39m get
  data: {"messageId":0,"params":{"role":"app","sessionId":"e46f48f1-fc64-980c-7dea-0694af2e74f9"},"type":"login"}
22:17:26.059 detox[24267] [90mi[39m send
  data: {
    "messageId": 0,
    "params": {
      "testerConnected": true,
      "appConnected": true
    },
    "type": "loginSuccess"
  }
22:17:26.059 detox[24267] [90mi[39m app joined session e46f48f1-fc64-980c-7dea-0694af2e74f9
22:17:26.059 detox[24267] [90mi[39m send
  data: {
    "type": "appConnected"
  }
22:17:26.059 detox[24268] [90mi[39m get message
  data: {"type":"appConnected"}
   
22:17:26.060 detox[24268] [90mi[39m send message
  data: {"type":"isReady","params":{},"messageId":-1000}
22:17:26.061 detox[24267] [90mi[39m get
  data: {"type":"isReady","params":{},"messageId":-1000}
22:17:26.061 detox[24267] [90mi[39m send
  data: {
    "type": "isReady",
    "params": {},
    "messageId": -1000
  }
22:17:27.718 detox[24267] [90mi[39m get
  data: {"params":{},"messageId":-1000,"type":"ready"}
22:17:27.719 detox[24267] [90mi[39m send
  data: {
    "params": {},
    "messageId": -1000,
    "type": "ready"
  }
22:17:27.719 detox[24267] [90mi[39m get
  data: {"params":{},"messageId":-1000,"type":"ready"}
22:17:27.719 detox[24267] [90mi[39m send
  data: {
    "params": {},
    "messageId": -1000,
    "type": "ready"
  }
22:17:27.719 detox[24268] [90mi[39m get message
  data: {"params":{},"messageId":-1000,"type":"ready"}
   
22:17:27.720 detox[24267] [90mi[39m get
  data: {"params":{},"messageId":-1000,"type":"ready"}
22:17:27.720 detox[24267] [90mi[39m send
  data: {
    "params": {},
    "messageId": -1000,
    "type": "ready"
  }
22:17:27.720 detox[24268] [90mi[39m send message
  data: {"type":"waitForActive","params":{},"messageId":1}
22:17:27.721 detox[24267] [90mi[39m get
  data: {"type":"waitForActive","params":{},"messageId":1}
22:17:27.721 detox[24267] [90mi[39m send
  data: {
    "type": "waitForActive",
    "params": {},
    "messageId": 1
  }
22:17:27.721 detox[24268] [90mi[39m get message
  data: {"params":{},"messageId":-1000,"type":"ready"}
   
22:17:27.721 detox[24268] [90mi[39m get message
  data: {"params":{},"messageId":-1000,"type":"ready"}
   
22:17:27.722 detox[24267] [90mi[39m get
  data: {"type":"waitForActiveDone","messageId":1,"params":{}}
22:17:27.722 detox[24267] [90mi[39m send
  data: {
    "type": "waitForActiveDone",
    "messageId": 1,
    "params": {}
  }
22:17:27.723 detox[24268] [90mi[39m get message
  data: {"type":"waitForActiveDone","messageId":1,"params":{}}
   
22:17:27.723 detox[24268] [90mB[39m onAppReady
  args: ({"deviceId":"A90F393D-72AC-4F90-BBE5-9C3B184A3157","bundleId":"org.timedancers.meditation","pid":24374})
22:17:27.723 detox[24268] [90mE[39m onAppReady
22:17:27.723 detox[24268] [90mE[39m launchApp
22:17:27.724 detox[24268] [90mE[39m beforeAll
22:17:27.724 detox[24268] [90mB[39m Onboarding to Meditate
22:17:27.724 detox[24268] [90mB[39m onRunDescribeStart
  args: ({"name":"Onboarding to Meditate"})
22:17:27.725 detox[24268] [90mE[39m onRunDescribeStart
22:17:27.725 detox[24268] [90mB[39m beforeAll
22:17:27.726 detox[24268] [90mB[39m reloadReactNative
  args: ()
22:17:27.727 detox[24267] [90mi[39m get
  data: {"type":"reactNativeReload","params":{},"messageId":-1000}
22:17:27.727 detox[24268] [90mi[39m send message
  data: {"type":"reactNativeReload","params":{},"messageId":-1000}
22:17:27.728 detox[24267] [90mi[39m send
  data: {
    "type": "reactNativeReload",
    "params": {},
    "messageId": -1000
  }
22:17:27.736 detox[24267] [90mi[39m get
  data: {"type":"AppWillTerminateWithError","messageId":-10000,"params":{"errorDetails":"Invalid AppDelegate\nCould not access rootViewFactory. Make sure your AppDelegate either: Inherits from RCTAppDelegate Or defines 'reactNativeFactory'\n(\n\t0   CoreFoundation                      0x00000001804c88b4 __exceptionPreprocess + 160\n\t1   libobjc.A.dylib                     0x00000001800937cc objc_exception_throw + 72\n\t2   CoreFoundation                      0x00000001804c87d0 -[NSException initWithCoder:] + 0\n\t3   Detox                               0x000000010276dc20 +[ReactNativeSupport getReactHost] + 384\n\t4   Detox                               0x000000010276d988 +[ReactNativeSupport reloadApp] + 172\n\t5   Detox                               0x00000001027bcb74 merged reabstraction thunk helper from @escaping @callee_guaranteed () -> () to @escaping @callee_unowned @convention(block) () -> () + 28\n\t6   DetoxSync                           0x0000000102581e10 __36+[DTXSyncManager _tryIdleBlocksNow:]_block_invoke.66 + 172\n\t7   libdispatch.dylib                   0x000000018017c788 _dispatch_call_block_and_release + 24\n\t8   libdispatch.dylib                   0x0000000180197278 _dispatch_client_callout + 12\n\t9   libdispatch.dylib                   0x00000001801b2fcc _dispatch_main_queue_drain.cold.7 + 24\n\t10  libdispatch.dylib                   0x000000018018c1c4 _dispatch_main_queue_drain + 1184\n\t11  libdispatch.dylib                   0x000000018018bd14 _dispatch_main_queue_callback_4CF + 40\n\t12  CoreFoundation                      0x0000000180427fec __CFRUNLOOP_IS_SERVICING_THE_MAIN_DISPATCH_QUEUE__ + 12\n\t13  CoreFoundation                      0x00000001804229f8 __CFRunLoopRun + 1920\n\t14  CoreFoundation                      0x0000000180421e3c CFRunLoopRunSpecific + 536\n\t15  GraphicsServices                    0x0000000190f62d00 GSEventRunModal + 164\n\t16  UIKitCore                           0x0000000185bcec98 -[UIApplication _run] + 796\n\t17  DetoxSync                           0x000000010257d634 __detox_sync_UIApplication_run + 80\n\t18  UIKitCore                           0x0000000185bd3064 UIApplicationMain + 124\n\t19  TimedancersMeditation.debug.dylib   0x0000000107834d30 __debug_main_executable_dylib_entry_point + 64\n\t20  dyld                                0x00000001021613d8 start_sim + 20\n\t21  ???                                 0x00000001022f6b98 0x0 + 4331629464\n)","threadNumber":1,"queueName":"com.apple.main-thread"}}
22:17:27.737 detox[24267] [90mi[39m send
  data: {
    "type": "AppWillTerminateWithError",
    "messageId": -10000,
    "params": {
      "errorDetails": "Invalid AppDelegate\nCould not access rootViewFactory. Make sure your AppDelegate either: Inherits from RCTAppDelegate Or defines 'reactNativeFactory'\n(\n\t0   CoreFoundation                      0x00000001804c88b4 __exceptionPreprocess + 160\n\t1   libobjc.A.dylib                     0x00000001800937cc objc_exception_throw + 72\n\t2   CoreFoundation                      0x00000001804c87d0 -[NSException initWithCoder:] + 0\n\t3   Detox                               0x000000010276dc20 +[ReactNativeSupport getReactHost] + 384\n\t4   Detox                               0x000000010276d988 +[ReactNativeSupport reloadApp] + 172\n\t5   Detox                               0x00000001027bcb74 merged reabstraction thunk helper from @escaping @callee_guaranteed () -> () to @escaping @callee_unowned @convention(block) () -> () + 28\n\t6   DetoxSync                           0x0000000102581e10 __36+[DTXSyncManager _tryIdleBlocksNow:]_block_invoke.66 + 172\n\t7   libdispatch.dylib                   0x000000018017c788 _dispatch_call_block_and_release + 24\n\t8   libdispatch.dylib                   0x0000000180197278 _dispatch_client_callout + 12\n\t9   libdispatch.dylib                   0x00000001801b2fcc _dispatch_main_queue_drain.cold.7 + 24\n\t10  libdispatch.dylib                   0x000000018018c1c4 _dispatch_main_queue_drain + 1184\n\t11  libdispatch.dylib                   0x000000018018bd14 _dispatch_main_queue_callback_4CF + 40\n\t12  CoreFoundation                      0x0000000180427fec __CFRUNLOOP_IS_SERVICING_THE_MAIN_DISPATCH_QUEUE__ + 12\n\t13  CoreFoundation                      0x00000001804229f8 __CFRunLoopRun + 1920\n\t14  CoreFoundation                      0x0000000180421e3c CFRunLoopRunSpecific + 536\n\t15  GraphicsServices                    0x0000000190f62d00 GSEventRunModal + 164\n\t16  UIKitCore                           0x0000000185bcec98 -[UIApplication _run] + 796\n\t17  DetoxSync                           0x000000010257d634 __detox_sync_UIApplication_run + 80\n\t18  UIKitCore                           0x0000000185bd3064 UIApplicationMain + 124\n\t19  TimedancersMeditation.debug.dylib   0x0000000107834d30 __debug_main_executable_dylib_entry_point + 64\n\t20  dyld                                0x00000001021613d8 start_sim + 20\n\t21  ???                                 0x00000001022f6b98 0x0 + 4331629464\n)",
      "threadNumber": 1,
      "queueName": "com.apple.main-thread"
    }
  }
22:17:27.741 detox[24268] [90mi[39m get message
  data: {"type":"AppWillTerminateWithError","messageId":-10000,"params":{"errorDetails":"Invalid AppDelegate\nCould not access rootViewFactory. Make sure your AppDelegate either: Inherits from RCTAppDelegate Or defines 'reactNativeFactory'\n(\n\t0   CoreFoundation                      0x00000001804c88b4 __exceptionPreprocess + 160\n\t1   libobjc.A.dylib                     0x00000001800937cc objc_exception_throw + 72\n\t2   CoreFoundation                      0x00000001804c87d0 -[NSException initWithCoder:] + 0\n\t3   Detox                               0x000000010276dc20 +[ReactNativeSupport getReactHost] + 384\n\t4   Detox                               0x000000010276d988 +[ReactNativeSupport reloadApp] + 172\n\t5   Detox                               0x00000001027bcb74 merged reabstraction thunk helper from @escaping @callee_guaranteed () -> () to @escaping @callee_unowned @convention(block) () -> () + 28\n\t6   DetoxSync                           0x0000000102581e10 __36+[DTXSyncManager _tryIdleBlocksNow:]_block_invoke.66 + 172\n\t7   libdispatch.dylib                   0x000000018017c788 _dispatch_call_block_and_release + 24\n\t8   libdispatch.dylib                   0x0000000180197278 _dispatch_client_callout + 12\n\t9   libdispatch.dylib                   0x00000001801b2fcc _dispatch_main_queue_drain.cold.7 + 24\n\t10  libdispatch.dylib                   0x000000018018c1c4 _dispatch_main_queue_drain + 1184\n\t11  libdispatch.dylib                   0x000000018018bd14 _dispatch_main_queue_callback_4CF + 40\n\t12  CoreFoundation                      0x0000000180427fec __CFRUNLOOP_IS_SERVICING_THE_MAIN_DISPATCH_QUEUE__ + 12\n\t13  CoreFoundation                      0x00000001804229f8 __CFRunLoopRun + 1920\n\t14  CoreFoundation                      0x0000000180421e3c CFRunLoopRunSpecific + 536\n\t15  GraphicsServices                    0x0000000190f62d00 GSEventRunModal + 164\n\t16  UIKitCore                           0x0000000185bcec98 -[UIApplication _run] + 796\n\t17  DetoxSync                           0x000000010257d634 __detox_sync_UIApplication_run + 80\n\t18  UIKitCore                           0x0000000185bd3064 UIApplicationMain + 124\n\t19  TimedancersMeditation.debug.dylib   0x0000000107834d30 __debug_main_executable_dylib_entry_point + 64\n\t20  dyld                                0x00000001021613d8 start_sim + 20\n\t21  ???                                 0x00000001022f6b98 0x0 + 4331629464\n)","threadNumber":1,"queueName":"com.apple.main-thread"}}
   
22:17:29.749 detox[24267] [90mi[39m get
  data: {"params":{"threadNumber":1,"queueName":"com.apple.main-thread","errorDetails":"Signal 6 raised\n(\n\t0   Detox                               0x000000010277db88 +[NSThread(DetoxUtils) dtx_demangledCallStackSymbols] + 36\n\t1   Detox                               0x000000010278123c __DTXHandleCrash + 568\n\t2   Detox                               0x0000000102781848 __DTXHandleSignal + 72\n\t3   libsystem_platform.dylib            0x000000010208b6a0 _sigtramp + 52\n\t4   libsystem_pthread.dylib             0x000000010202e2ec pthread_kill + 264\n\t5   libsystem_c.dylib                   0x0000000180171ea8 abort + 100\n\t6   libc++abi.dylib                     0x00000001802b0144 __cxxabiv1::__aligned_malloc_with_fallback(unsigned long) + 0\n\t7   libc++abi.dylib                     0x000000018029fe4c demangling_terminate_handler() + 296\n\t8   libobjc.A.dylib                     0x000000018006f220 _objc_terminate() + 124\n\t9   Detox                               0x0000000102781d0c __dtx_terminate() + 188\n\t10  libc++abi.dylib                     0x00000001802af570 std::__terminate(void (*)()) + 12\n\t11  libc++abi.dylib                     0x00000001802b2498 __cxa_get_exception_ptr + 0\n\t12  libc++abi.dylib                     0x00000001802b2478 __cxxabiv1::failed_throw(__cxxabiv1::__cxa_exception*) + 0\n\t13  libobjc.A.dylib                     0x0000000180093904 objc_exception_throw + 384\n\t14  CoreFoundation                      0x00000001804c87d0 -[NSException initWithCoder:] + 0\n\t15  Detox                               0x000000010276dc20 +[ReactNativeSupport getReactHost] + 384\n\t16  Detox                               0x000000010276d988 +[ReactNativeSupport reloadApp] + 172\n\t17  Detox                               0x00000001027bcb74 merged reabstraction thunk helper from @escaping @callee_guaranteed () -> () to @escaping @callee_unowned @convention(block) () -> () + 28\n\t18  DetoxSync                           0x0000000102581e10 __36+[DTXSyncManager _tryIdleBlocksNow:]_block_invoke.66 + 172\n\t19  libdispatch.dylib                   0x000000018017c788 _dispatch_call_block_and_release + 24\n\t20  libdispatch.dylib                   0x0000000180197278 _dispatch_client_callout + 12\n\t21  libdispatch.dylib                   0x00000001801b2fcc _dispatch_main_queue_drain.cold.7 + 24\n\t22  libdispatch.dylib                   0x000000018018c1c4 _dispatch_main_queue_drain + 1184\n\t23  libdispatch.dylib                   0x000000018018bd14 _dispatch_main_queue_callback_4CF + 40\n\t24  CoreFoundation                      0x0000000180427fec __CFRUNLOOP_IS_SERVICING_THE_MAIN_DISPATCH_QUEUE__ + 12\n\t25  CoreFoundation                      0x00000001804229f8 __CFRunLoopRun + 1920\n\t26  CoreFoundation                      0x0000000180421e3c CFRunLoopRunSpecific + 536\n\t27  GraphicsServices                    0x0000000190f62d00 GSEventRunModal + 164\n\t28  UIKitCore                           0x0000000185bcec98 -[UIApplication _run] + 796\n\t29  DetoxSync                           0x000000010257d634 __detox_sync_UIApplication_run + 80\n\t30  UIKitCore                           0x0000000185bd3064 UIApplicationMain + 124\n\t31  TimedancersMeditation.debug.dylib   0x0000000107834d30 __debug_main_executable_dylib_entry_point + 64\n\t32  dyld                                0x00000001021613d8 start_sim + 20\n\t33  ???                                 0x00000001022f6b98 0x0 + 4331629464\n)"},"messageId":-10000,"type":"AppWillTerminateWithError"}
22:17:29.749 detox[24267] [90mi[39m send
  data: {
    "params": {
      "threadNumber": 1,
      "queueName": "com.apple.main-thread",
      "errorDetails": "Signal 6 raised\n(\n\t0   Detox                               0x000000010277db88 +[NSThread(DetoxUtils) dtx_demangledCallStackSymbols] + 36\n\t1   Detox                               0x000000010278123c __DTXHandleCrash + 568\n\t2   Detox                               0x0000000102781848 __DTXHandleSignal + 72\n\t3   libsystem_platform.dylib            0x000000010208b6a0 _sigtramp + 52\n\t4   libsystem_pthread.dylib             0x000000010202e2ec pthread_kill + 264\n\t5   libsystem_c.dylib                   0x0000000180171ea8 abort + 100\n\t6   libc++abi.dylib                     0x00000001802b0144 __cxxabiv1::__aligned_malloc_with_fallback(unsigned long) + 0\n\t7   libc++abi.dylib                     0x000000018029fe4c demangling_terminate_handler() + 296\n\t8   libobjc.A.dylib                     0x000000018006f220 _objc_terminate() + 124\n\t9   Detox                               0x0000000102781d0c __dtx_terminate() + 188\n\t10  libc++abi.dylib                     0x00000001802af570 std::__terminate(void (*)()) + 12\n\t11  libc++abi.dylib                     0x00000001802b2498 __cxa_get_exception_ptr + 0\n\t12  libc++abi.dylib                     0x00000001802b2478 __cxxabiv1::failed_throw(__cxxabiv1::__cxa_exception*) + 0\n\t13  libobjc.A.dylib                     0x0000000180093904 objc_exception_throw + 384\n\t14  CoreFoundation                      0x00000001804c87d0 -[NSException initWithCoder:] + 0\n\t15  Detox                               0x000000010276dc20 +[ReactNativeSupport getReactHost] + 384\n\t16  Detox                               0x000000010276d988 +[ReactNativeSupport reloadApp] + 172\n\t17  Detox                               0x00000001027bcb74 merged reabstraction thunk helper from @escaping @callee_guaranteed () -> () to @escaping @callee_unowned @convention(block) () -> () + 28\n\t18  DetoxSync                           0x0000000102581e10 __36+[DTXSyncManager _tryIdleBlocksNow:]_block_invoke.66 + 172\n\t19  libdispatch.dylib                   0x000000018017c788 _dispatch_call_block_and_release + 24\n\t20  libdispatch.dylib                   0x0000000180197278 _dispatch_client_callout + 12\n\t21  libdispatch.dylib                   0x00000001801b2fcc _dispatch_main_queue_drain.cold.7 + 24\n\t22  libdispatch.dylib                   0x000000018018c1c4 _dispatch_main_queue_drain + 1184\n\t23  libdispatch.dylib                   0x000000018018bd14 _dispatch_main_queue_callback_4CF + 40\n\t24  CoreFoundation                      0x0000000180427fec __CFRUNLOOP_IS_SERVICING_THE_MAIN_DISPATCH_QUEUE__ + 12\n\t25  CoreFoundation                      0x00000001804229f8 __CFRunLoopRun + 1920\n\t26  CoreFoundation                      0x0000000180421e3c CFRunLoopRunSpecific + 536\n\t27  GraphicsServices                    0x0000000190f62d00 GSEventRunModal + 164\n\t28  UIKitCore                           0x0000000185bcec98 -[UIApplication _run] + 796\n\t29  DetoxSync                           0x000000010257d634 __detox_sync_UIApplication_run + 80\n\t30  UIKitCore                           0x0000000185bd3064 UIApplicationMain + 124\n\t31  TimedancersMeditation.debug.dylib   0x0000000107834d30 __debug_main_executable_dylib_entry_point + 64\n\t32  dyld                                0x00000001021613d8 start_sim + 20\n\t33  ???                                 0x00000001022f6b98 0x0 + 4331629464\n)"
    },
    "messageId": -10000,
    "type": "AppWillTerminateWithError"
  }
22:17:29.751 detox[24268] [90mi[39m get message
  data: {"params":{"threadNumber":1,"queueName":"com.apple.main-thread","errorDetails":"Signal 6 raised\n(\n\t0   Detox                               0x000000010277db88 +[NSThread(DetoxUtils) dtx_demangledCallStackSymbols] + 36\n\t1   Detox                               0x000000010278123c __DTXHandleCrash + 568\n\t2   Detox                               0x0000000102781848 __DTXHandleSignal + 72\n\t3   libsystem_platform.dylib            0x000000010208b6a0 _sigtramp + 52\n\t4   libsystem_pthread.dylib             0x000000010202e2ec pthread_kill + 264\n\t5   libsystem_c.dylib                   0x0000000180171ea8 abort + 100\n\t6   libc++abi.dylib                     0x00000001802b0144 __cxxabiv1::__aligned_malloc_with_fallback(unsigned long) + 0\n\t7   libc++abi.dylib                     0x000000018029fe4c demangling_terminate_handler() + 296\n\t8   libobjc.A.dylib                     0x000000018006f220 _objc_terminate() + 124\n\t9   Detox                               0x0000000102781d0c __dtx_terminate() + 188\n\t10  libc++abi.dylib                     0x00000001802af570 std::__terminate(void (*)()) + 12\n\t11  libc++abi.dylib                     0x00000001802b2498 __cxa_get_exception_ptr + 0\n\t12  libc++abi.dylib                     0x00000001802b2478 __cxxabiv1::failed_throw(__cxxabiv1::__cxa_exception*) + 0\n\t13  libobjc.A.dylib                     0x0000000180093904 objc_exception_throw + 384\n\t14  CoreFoundation                      0x00000001804c87d0 -[NSException initWithCoder:] + 0\n\t15  Detox                               0x000000010276dc20 +[ReactNativeSupport getReactHost] + 384\n\t16  Detox                               0x000000010276d988 +[ReactNativeSupport reloadApp] + 172\n\t17  Detox                               0x00000001027bcb74 merged reabstraction thunk helper from @escaping @callee_guaranteed () -> () to @escaping @callee_unowned @convention(block) () -> () + 28\n\t18  DetoxSync                           0x0000000102581e10 __36+[DTXSyncManager _tryIdleBlocksNow:]_block_invoke.66 + 172\n\t19  libdispatch.dylib                   0x000000018017c788 _dispatch_call_block_and_release + 24\n\t20  libdispatch.dylib                   0x0000000180197278 _dispatch_client_callout + 12\n\t21  libdispatch.dylib                   0x00000001801b2fcc _dispatch_main_queue_drain.cold.7 + 24\n\t22  libdispatch.dylib                   0x000000018018c1c4 _dispatch_main_queue_drain + 1184\n\t23  libdispatch.dylib                   0x000000018018bd14 _dispatch_main_queue_callback_4CF + 40\n\t24  CoreFoundation                      0x0000000180427fec __CFRUNLOOP_IS_SERVICING_THE_MAIN_DISPATCH_QUEUE__ + 12\n\t25  CoreFoundation                      0x00000001804229f8 __CFRunLoopRun + 1920\n\t26  CoreFoundation                      0x0000000180421e3c CFRunLoopRunSpecific + 536\n\t27  GraphicsServices                    0x0000000190f62d00 GSEventRunModal + 164\n\t28  UIKitCore                           0x0000000185bcec98 -[UIApplication _run] + 796\n\t29  DetoxSync                           0x000000010257d634 __detox_sync_UIApplication_run + 80\n\t30  UIKitCore                           0x0000000185bd3064 UIApplicationMain + 124\n\t31  TimedancersMeditation.debug.dylib   0x0000000107834d30 __debug_main_executable_dylib_entry_point + 64\n\t32  dyld                                0x00000001021613d8 start_sim + 20\n\t33  ???                                 0x00000001022f6b98 0x0 + 4331629464\n)"},"messageId":-10000,"type":"AppWillTerminateWithError"}
   
22:17:31.773 detox[24267] [90mi[39m app exited session e46f48f1-fc64-980c-7dea-0694af2e74f9
22:17:31.774 detox[24267] [90mi[39m send
  data: {
    "type": "appDisconnected"
  }
22:17:31.774 detox[24267] [90mE[39m connection :52732<->:52756
22:17:31.774 detox[24268] [90mi[39m get message
  data: {"type":"appDisconnected"}
   
22:17:31.775 detox[24268] [90mE[39m reloadReactNative
  error: The pending request #-1000 ("reactNativeReload") has been rejected due to the following error:
  
  The app has crashed, see the details below:
  
  Invalid AppDelegate
  Could not access rootViewFactory. Make sure your AppDelegate either: Inherits from RCTAppDelegate Or defines 'reactNativeFactory'
  (
  	0   CoreFoundation                      0x00000001804c88b4 __exceptionPreprocess + 160
  	1   libobjc.A.dylib                     0x00000001800937cc objc_exception_throw + 72
  	2   CoreFoundation                      0x00000001804c87d0 -[NSException initWithCoder:] + 0
  	3   Detox                               0x000000010276dc20 +[ReactNativeSupport getReactHost] + 384
  	4   Detox                               0x000000010276d988 +[ReactNativeSupport reloadApp] + 172
  	5   Detox                               0x00000001027bcb74 merged reabstraction thunk helper from @escaping @callee_guaranteed () -> () to @escaping @callee_unowned @convention(block) () -> () + 28
  	6   DetoxSync                           0x0000000102581e10 __36+[DTXSyncManager _tryIdleBlocksNow:]_block_invoke.66 + 172
  	7   libdispatch.dylib                   0x000000018017c788 _dispatch_call_block_and_release + 24
  	8   libdispatch.dylib                   0x0000000180197278 _dispatch_client_callout + 12
  	9   libdispatch.dylib                   0x00000001801b2fcc _dispatch_main_queue_drain.cold.7 + 24
  	10  libdispatch.dylib                   0x000000018018c1c4 _dispatch_main_queue_drain + 1184
  	11  libdispatch.dylib                   0x000000018018bd14 _dispatch_main_queue_callback_4CF + 40
  	12  CoreFoundation                      0x0000000180427fec __CFRUNLOOP_IS_SERVICING_THE_MAIN_DISPATCH_QUEUE__ + 12
  	13  CoreFoundation                      0x00000001804229f8 __CFRunLoopRun + 1920
  	14  CoreFoundation                      0x0000000180421e3c CFRunLoopRunSpecific + 536
  	15  GraphicsServices                    0x0000000190f62d00 GSEventRunModal + 164
  	16  UIKitCore                           0x0000000185bcec98 -[UIApplication _run] + 796
  	17  DetoxSync                           0x000000010257d634 __detox_sync_UIApplication_run + 80
  	18  UIKitCore                           0x0000000185bd3064 UIApplicationMain + 124
  	19  TimedancersMeditation.debug.dylib   0x0000000107834d30 __debug_main_executable_dylib_entry_point + 64
  	20  dyld                                0x00000001021613d8 start_sim + 20
  	21  ???                                 0x00000001022f6b98 0x0 + 4331629464
  )
22:17:31.775 detox[24268] [90mB[39m onHookFailure
  args: ({"error":{"name":"DetoxRuntimeError"},"hook":"beforeAll"})
22:17:31.776 detox[24268] [90mi[39m starting SimulatorScreenshot
22:17:31.776 detox[24268] [90mi[39m /usr/bin/xcrun simctl io A90F393D-72AC-4F90-BBE5-9C3B184A3157 screenshot "/private/var/folders/tt/916p_lms6lnf31hx0kmlsmjh0000gn/T/detox-24268-TfTzAf.detox.png"
22:17:32.100 detox[24268] [90mi[39m Detected file type 'PNG' from extension
Wrote screenshot to: /private/var/folders/tt/916p_lms6lnf31hx0kmlsmjh0000gn/T/detox-24268-TfTzAf.detox.png

22:17:32.101 detox[24268] [90mi[39m stopping SimulatorScreenshot
22:17:32.101 detox[24268] [90mE[39m onHookFailure
22:17:32.101 detox[24268] [90mE[39m beforeAll
  error: The pending request #-1000 ("reactNativeReload") has been rejected due to the following error:
  
  The app has crashed, see the details below:
  
  Invalid AppDelegate
  Could not access rootViewFactory. Make sure your AppDelegate either: Inherits from RCTAppDelegate Or defines 'reactNativeFactory'
  (
  	0   CoreFoundation                      0x00000001804c88b4 __exceptionPreprocess + 160
  	1   libobjc.A.dylib                     0x00000001800937cc objc_exception_throw + 72
  	2   CoreFoundation                      0x00000001804c87d0 -[NSException initWithCoder:] + 0
  	3   Detox                               0x000000010276dc20 +[ReactNativeSupport getReactHost] + 384
  	4   Detox                               0x000000010276d988 +[ReactNativeSupport reloadApp] + 172
  	5   Detox                               0x00000001027bcb74 merged reabstraction thunk helper from @escaping @callee_guaranteed () -> () to @escaping @callee_unowned @convention(block) () -> () + 28
  	6   DetoxSync                           0x0000000102581e10 __36+[DTXSyncManager _tryIdleBlocksNow:]_block_invoke.66 + 172
  	7   libdispatch.dylib                   0x000000018017c788 _dispatch_call_block_and_release + 24
  	8   libdispatch.dylib                   0x0000000180197278 _dispatch_client_callout + 12
  	9   libdispatch.dylib                   0x00000001801b2fcc _dispatch_main_queue_drain.cold.7 + 24
  	10  libdispatch.dylib                   0x000000018018c1c4 _dispatch_main_queue_drain + 1184
  	11  libdispatch.dylib                   0x000000018018bd14 _dispatch_main_queue_callback_4CF + 40
  	12  CoreFoundation                      0x0000000180427fec __CFRUNLOOP_IS_SERVICING_THE_MAIN_DISPATCH_QUEUE__ + 12
  	13  CoreFoundation                      0x00000001804229f8 __CFRunLoopRun + 1920
  	14  CoreFoundation                      0x0000000180421e3c CFRunLoopRunSpecific + 536
  	15  GraphicsServices                    0x0000000190f62d00 GSEventRunModal + 164
  	16  UIKitCore                           0x0000000185bcec98 -[UIApplication _run] + 796
  	17  DetoxSync                           0x000000010257d634 __detox_sync_UIApplication_run + 80
  	18  UIKitCore                           0x0000000185bd3064 UIApplicationMain + 124
  	19  TimedancersMeditation.debug.dylib   0x0000000107834d30 __debug_main_executable_dylib_entry_point + 64
  	20  dyld                                0x00000001021613d8 start_sim + 20
  	21  ???                                 0x00000001022f6b98 0x0 + 4331629464
  )
22:17:32.101 detox[24268] [90mB[39m completes onboarding and lands on Meditate
22:17:32.101 detox[24268] [90mi[39m Onboarding to Meditate: completes onboarding and lands on Meditate
22:17:32.102 detox[24268] [90mE[39m completes onboarding and lands on Meditate
22:17:32.102 detox[24268] [90mi[39m Onboarding to Meditate: completes onboarding and lands on Meditate [FAIL]
22:17:32.103 detox[24268] [90mB[39m onRunDescribeFinish
  args: ({"name":"Onboarding to Meditate"})
22:17:32.103 detox[24268] [90mE[39m onRunDescribeFinish
22:17:32.103 detox[24268] [90mE[39m Onboarding to Meditate
22:17:32.103 detox[24268] [90mB[39m onRunDescribeFinish
  args: ({"name":"ROOT_DESCRIBE_BLOCK"})
22:17:32.103 detox[24268] [90mE[39m onRunDescribeFinish
22:17:32.103 detox[24268] [90mE[39m run the tests
22:17:32.113 detox[24268] [90mB[39m tear down environment
22:17:32.113 detox[24268] [90mB[39m onBeforeCleanup
  args: ()
22:17:32.114 detox[24268] [90mi[39m saving SimulatorScreenshot to: e2e/artifacts/ios.debug.2025-09-22 21-17-15Z/beforeAllFailure.png
22:17:32.115 detox[24268] [90mi[39m moving "/private/var/folders/tt/916p_lms6lnf31hx0kmlsmjh0000gn/T/detox-24268-TfTzAf.detox.png" to e2e/artifacts/ios.debug.2025-09-22 21-17-15Z/beforeAllFailure.png
22:17:32.115 detox[24268] [90mi[39m saving SimulatorLogRecording to: e2e/artifacts/ios.debug.2025-09-22 21-17-15Z/A90F393D-72AC-4F90-BBE5-9C3B184A3157 2025-09-22 21-17-32Z.startup.log
22:17:32.115 detox[24268] [90mi[39m stopping SimulatorLogRecording
22:17:32.167 detox[24268] [90mi[39m sending SIGINT to: /usr/bin/xcrun simctl spawn A90F393D-72AC-4F90-BBE5-9C3B184A3157 log stream --level debug --style compact --predicate processImagePath beginsWith "/Users/russellbrown/Library/Developer/CoreSimulator/Devices/A90F393D-72AC-4F90-BBE5-9C3B184A3157/data/Containers/Bundle/Application/808C49C9-28EB-4834-AD26-7F94CC7D88E1/TimedancersMeditation.app"
22:17:32.179 detox[24268] [90mi[39m /usr/bin/xcrun simctl spawn A90F393D-72AC-4F90-BBE5-9C3B184A3157 log stream --level debug --style compact --predicate "processImagePath beginsWith \"/Users/russellbrown/Library/Developer/CoreSimulator/Devices/A90F393D-72AC-4F90-BBE5-9C3B184A3157/data/Containers/Bundle/Application/808C49C9-28EB-4834-AD26-7F94CC7D88E1/TimedancersMeditation.app\"" exited with code #0
22:17:32.179 detox[24268] [90mi[39m moving "/private/var/folders/tt/916p_lms6lnf31hx0kmlsmjh0000gn/T/detox-24268-00JhE0.detox.log" to e2e/artifacts/ios.debug.2025-09-22 21-17-15Z/A90F393D-72AC-4F90-BBE5-9C3B184A3157 2025-09-22 21-17-32Z.startup.log
22:17:32.180 detox[24268] [90mi[39m saving FileArtifact to: e2e/artifacts/ios.debug.2025-09-22 21-17-15Z/detox_pid_24268.json.log { append: true }
22:17:32.180 detox[24268] [90mi[39m saving FileArtifact to: e2e/artifacts/ios.debug.2025-09-22 21-17-15Z/detox_pid_24268.log { append: true }
22:17:32.180 detox[24268] [90mE[39m onBeforeCleanup
22:17:32.181 detox[24267] [90mi[39m tester exited session e46f48f1-fc64-980c-7dea-0694af2e74f9
22:17:32.181 detox[24267] [90mE[39m connection :52732<->:52736
22:17:32.182 detox[24267] [90mi[39m received event of :  deallocateDevice {
  deviceCookie: {
    id: 'A90F393D-72AC-4F90-BBE5-9C3B184A3157',
    udid: 'A90F393D-72AC-4F90-BBE5-9C3B184A3157',
    type: 'ios.simulator'
  }
}
22:17:32.182 detox[24267] [90mB[39m free: A90F393D-72AC-4F90-BBE5-9C3B184A3157
  data: {}
22:17:32.182 detox[24268] [90mi[39m dispatching event to  primary-24267 /tmp/detox.primary-24267  :  deallocateDevice , {
  deviceCookie: {
    id: 'A90F393D-72AC-4F90-BBE5-9C3B184A3157',
    udid: 'A90F393D-72AC-4F90-BBE5-9C3B184A3157',
    type: 'ios.simulator'
  }
}
22:17:32.183 detox[24267] [90mE[39m free: A90F393D-72AC-4F90-BBE5-9C3B184A3157
22:17:32.183 detox[24267] [90mi[39m dispatching event to socket  :  deallocateDeviceDone {}
22:17:32.183 detox[24268] [90mi[39m ## received events ##
22:17:32.183 detox[24268] [90mi[39m detected event deallocateDeviceDone {}
22:17:32.183 detox[24268] [90mE[39m tear down environment
22:17:32.183 detox[24268] [90mE[39m e2e/onboarding.e2e.ts
22:17:32.185 detox[24268] [90mi[39m dispatching event to  primary-24267 /tmp/detox.primary-24267  :  reportTestResults , {
  testResults: [
    {
      success: false,
      testFilePath: '/Users/russellbrown/Developer/timedancers-meditation/e2e/onboarding.e2e.ts',
      testExecError: undefined,
      isPermanentFailure: false
    }
  ]
}
22:17:32.186 detox[24267] [90mi[39m received event of :  reportTestResults {
  testResults: [
    {
      success: false,
      testFilePath: '/Users/russellbrown/Developer/timedancers-meditation/e2e/onboarding.e2e.ts',
      isPermanentFailure: false
    }
  ]
}
22:17:32.186 detox[24267] [90mi[39m dispatching event to socket  :  reportTestResultsDone {
  testResults: [
    {
      success: false,
      testFilePath: '/Users/russellbrown/Developer/timedancers-meditation/e2e/onboarding.e2e.ts',
      isPermanentFailure: false
    }
  ]
}
22:17:32.186 detox[24267] [90mi[39m broadcasting event to all known sockets listening to  /tmp/detox.primary-24267  :   sessionStateUpdate {
  testResults: [
    {
      success: false,
      testFilePath: '/Users/russellbrown/Developer/timedancers-meditation/e2e/onboarding.e2e.ts',
      isPermanentFailure: false
    }
  ]
}
22:17:32.186 detox[24268] [90mi[39m ## received events ##
22:17:32.186 detox[24268] [90mi[39m detected event reportTestResultsDone {
  testResults: [
    {
      success: false,
      testFilePath: '/Users/russellbrown/Developer/timedancers-meditation/e2e/onboarding.e2e.ts',
      isPermanentFailure: false
    }
  ]
}
22:17:32.187 detox[24267] [90mi[39m socket disconnected secondary-24268
22:17:32.187 detox[24268] [90mi[39m connection closed primary-24267 /tmp/detox.primary-24267 0 tries remaining of 0
22:17:32.187 detox[24268] [90mi[39m secondary-24268 exceeded connection rety amount of  or stopRetrying flag set.
22:17:32.291 detox[24267] [90mE[39m Command failed with exit code = 1:
jest --config e2e/jest.config.js
22:17:32.292 detox[24267] [90mB[39m cleanup
  args: ()
22:17:32.293 detox[24267] [90mE[39m cleanup
22:17:32.293 detox[24267] [90mi[39m Detox server has been closed gracefully
22:17:32.294 detox[24267] [90mE[39m node_modules/.bin/detox test -c ios.debug
