22:09:55.486 detox[22250] [90mi[39m Detected a deprecated "runnerConfig" property (string).
22:09:55.487 detox[22250] [90mi[39m Detected a deprecated "testRunner" property (string).
22:09:55.488 detox[22250] [90mi[39m Detected a deprecated "specs" property.
22:09:55.488 detox[22250] [90mi[39m Please migrate your Detox config according to the guide:
https://wix.github.io/Detox/docs/guide/migration

22:09:55.490 detox[22250] [90mB[39m node_modules/.bin/detox test -c ios.debug
  data: {
    "id": "baf1b0dc-e4bb-7a99-5e66-ffd9c37c01aa",
    "detoxConfig": {
      "configurationName": "ios.debug",
      "apps": {
        "default": {
          "type": "ios.app",
          "build": "xcodebuild -workspace ios/*.xcworkspace -scheme TimedancersMeditation -configuration Debug -sdk iphonesimulator -derivedDataPath ios/build",
          "binaryPath": "ios/build/Build/Products/Debug-iphonesimulator/TimedancersMeditation.app"
        }
      },
      "artifacts": {
        "rootDir": "e2e/artifacts/ios.debug.2025-09-22 21-09-55Z",
        "plugins": {
          "log": {
            "enabled": true,
            "keepOnlyFailedTestsArtifacts": false
          },
          "screenshot": {
            "shouldTakeAutomaticSnapshots": true,
            "keepOnlyFailedTestsArtifacts": true,
            "enabled": true
          },
          "video": {
            "enabled": false,
            "keepOnlyFailedTestsArtifacts": false
          },
          "instruments": {
            "enabled": true,
            "keepOnlyFailedTestsArtifacts": false
          },
          "uiHierarchy": {
            "enabled": false,
            "keepOnlyFailedTestsArtifacts": false
          },
          "timeline": "all"
        }
      },
      "behavior": {
        "init": {
          "keepLockFile": false,
          "reinstallApp": true,
          "exposeGlobals": true
        },
        "cleanup": {
          "shutdownDevice": false
        },
        "launchApp": "auto"
      },
      "cli": {
        "configuration": "ios.debug",
        "start": true
      },
      "commands": [
        {
          "appName": "default",
          "build": "xcodebuild -workspace ios/*.xcworkspace -scheme TimedancersMeditation -configuration Debug -sdk iphonesimulator -derivedDataPath ios/build"
        }
      ],
      "device": {
        "type": "ios.simulator",
        "device": {
          "type": "iPhone 16"
        }
      },
      "logger": {
        "level": "info",
        "overrideConsole": true,
        "options": {
          "showLoggerName": true,
          "showPid": true,
          "showLevel": false,
          "showMetadata": false,
          "basepath": "/Users/russellbrown/Developer/timedancers-meditation/node_modules/detox/src",
          "prefixers": {},
          "stringifiers": {}
        }
      },
      "testRunner": {
        "retries": 0,
        "forwardEnv": false,
        "detached": false,
        "bail": false,
        "noRetryArgs": [
          "shard"
        ],
        "jest": {
          "setupTimeout": 300000,
          "teardownTimeout": 30000,
          "retryAfterCircusRetries": false,
          "reportWorkerAssign": true
        },
        "args": {
          "$0": "jest",
          "_": [
            "e2e"
          ],
          "config": "e2e/jest.config.js",
          "--": []
        }
      },
      "session": {
        "autoStart": true,
        "debugSynchronization": 10000
      }
    },
    "detoxIPCServer": "primary-22250",
    "testResults": [],
    "testSessionIndex": 0,
    "workersCount": 0
  }
22:09:55.495 detox[22250] [90mi[39m Server path not specified, so defaulting to ipc.config.socketRoot + ipc.config.appspace + ipc.config.id /tmp/detox.primary-22250
22:09:55.496 detox[22250] [90mi[39m starting server on  /tmp/detox.primary-22250 
22:09:55.496 detox[22250] [90mi[39m starting TLS server false
22:09:55.496 detox[22250] [90mi[39m starting server as Unix || Windows Socket
22:09:55.498 detox[22250] [90mi[39m Detox server listening on localhost:51433...
22:09:55.500 detox[22250] [90mi[39m Serialized the session state at: /private/var/folders/tt/916p_lms6lnf31hx0kmlsmjh0000gn/T/baf1b0dc-e4bb-7a99-5e66-ffd9c37c01aa.detox.json
22:09:55.500 detox[22250] [90mB[39m jest --config e2e/jest.config.js e2e
22:09:57.713 detox[22250] [90mE[39m Command failed with exit code = 1:
jest --config e2e/jest.config.js e2e
22:09:57.714 detox[22250] [90mi[39m Detox server has been closed gracefully
22:09:57.716 detox[22250] [90mE[39m node_modules/.bin/detox test -c ios.debug
