23:00:59.153 detox[25238] [90mB[39m node_modules/.bin/detox test -c ios.debug
  data: {
    "id": "95130f5e-3338-c60d-08b9-da5648903fdf",
    "detoxConfig": {
      "configurationName": "ios.debug",
      "apps": {
        "default": {
          "type": "ios.app",
          "build": "xcodebuild -workspace ios/*.xcworkspace -scheme TimedancersMeditation -configuration Debug -sdk iphonesimulator -derivedDataPath ios/build",
          "binaryPath": "ios/build/Build/Products/Debug-iphonesimulator/TimedancersMeditation.app"
        }
      },
      "artifacts": {
        "rootDir": "e2e/artifacts/ios.debug.2025-09-22 22-00-59Z",
        "plugins": {
          "log": {
            "enabled": true,
            "keepOnlyFailedTestsArtifacts": false
          },
          "screenshot": {
            "shouldTakeAutomaticSnapshots": true,
            "keepOnlyFailedTestsArtifacts": true,
            "enabled": true
          },
          "video": {
            "enabled": false,
            "keepOnlyFailedTestsArtifacts": false
          },
          "instruments": {
            "enabled": true,
            "keepOnlyFailedTestsArtifacts": false
          },
          "uiHierarchy": {
            "enabled": false,
            "keepOnlyFailedTestsArtifacts": false
          }
        }
      },
      "behavior": {
        "init": {
          "keepLockFile": false,
          "reinstallApp": true,
          "exposeGlobals": true
        },
        "cleanup": {
          "shutdownDevice": false
        },
        "launchApp": "auto"
      },
      "cli": {
        "configuration": "ios.debug",
        "start": true
      },
      "commands": [
        {
          "appName": "default",
          "build": "xcodebuild -workspace ios/*.xcworkspace -scheme TimedancersMeditation -configuration Debug -sdk iphonesimulator -derivedDataPath ios/build"
        }
      ],
      "device": {
        "type": "ios.simulator",
        "device": {
          "type": "iPhone 16"
        }
      },
      "logger": {
        "level": "info",
        "overrideConsole": true,
        "options": {
          "showLoggerName": true,
          "showPid": true,
          "showLevel": false,
          "showMetadata": false,
          "basepath": "/Users/russellbrown/Developer/timedancers-meditation/node_modules/detox/src",
          "prefixers": {},
          "stringifiers": {}
        }
      },
      "testRunner": {
        "retries": 0,
        "forwardEnv": false,
        "detached": false,
        "bail": false,
        "noRetryArgs": [
          "shard"
        ],
        "jest": {
          "setupTimeout": 300000,
          "teardownTimeout": 30000,
          "retryAfterCircusRetries": false,
          "reportWorkerAssign": true
        },
        "args": {
          "$0": "jest",
          "_": [],
          "config": "e2e/jest.config.js",
          "--": []
        },
        "$0": "jest"
      },
      "session": {
        "autoStart": true,
        "debugSynchronization": 10000
      }
    },
    "detoxIPCServer": "primary-25238",
    "testResults": [],
    "testSessionIndex": 0,
    "workersCount": 0
  }
23:00:59.159 detox[25238] [90mi[39m Server path not specified, so defaulting to ipc.config.socketRoot + ipc.config.appspace + ipc.config.id /tmp/detox.primary-25238
23:00:59.161 detox[25238] [90mi[39m starting server on  /tmp/detox.primary-25238 
23:00:59.162 detox[25238] [90mi[39m starting TLS server false
23:00:59.162 detox[25238] [90mi[39m starting server as Unix || Windows Socket
23:00:59.165 detox[25238] [90mi[39m Detox server listening on localhost:54973...
23:00:59.167 detox[25238] [90mi[39m Serialized the session state at: /private/var/folders/tt/916p_lms6lnf31hx0kmlsmjh0000gn/T/95130f5e-3338-c60d-08b9-da5648903fdf.detox.json
23:00:59.168 detox[25238] [90mB[39m jest --config e2e/jest.config.js
23:00:59.606 detox[25239] [90mi[39m Service path not specified, so defaulting to ipc.config.socketRoot + ipc.config.appspace + id 
23:00:59.606 detox[25239] [90mi[39m requested connection to  primary-25238 /tmp/detox.primary-25238
23:00:59.606 detox[25239] [90mi[39m Connecting client on Unix Socket : /tmp/detox.primary-25238
23:00:59.607 detox[25238] [90mi[39m ## socket connection to server detected ##
23:00:59.607 detox[25239] [90mi[39m retrying reset
23:00:59.608 detox[25239] [90mi[39m dispatching event to  primary-25238 /tmp/detox.primary-25238  :  registerContext , { id: 'secondary-25239' }
23:00:59.609 detox[25238] [90mi[39m received event of :  registerContext { id: 'secondary-25239' }
23:00:59.609 detox[25238] [90mi[39m dispatching event to socket  :  registerContextDone {
  testResults: [],
  testSessionIndex: 0,
  unsafe_earlyTeardown: undefined
}
23:00:59.609 detox[25239] [90mi[39m ## received events ##
23:00:59.609 detox[25239] [90mi[39m detected event registerContextDone { testResults: [], testSessionIndex: 0 }
23:00:59.666 detox[25239] [90mB[39m e2e/onboarding.e2e.ts
23:00:59.676 detox[25239] [90mB[39m set up environment
23:00:59.677 detox[25238] [90mi[39m received event of :  registerWorker { workerId: 'w1' }
23:00:59.677 detox[25238] [90mi[39m dispatching event to socket  :  registerWorkerDone { workersCount: 1 }
23:00:59.677 detox[25238] [90mi[39m broadcasting event to all known sockets listening to  /tmp/detox.primary-25238  :   sessionStateUpdate { workersCount: 1 }
23:00:59.677 detox[25239] [90mi[39m dispatching event to  primary-25238 /tmp/detox.primary-25238  :  registerWorker , { workerId: 'w1' }
23:00:59.677 detox[25239] [90mi[39m ## received events ##
23:00:59.677 detox[25239] [90mi[39m detected event registerWorkerDone { workersCount: 1 }
23:00:59.812 detox[25239] [90mi[39m ## received events ##
23:00:59.812 detox[25239] [90mi[39m detected event sessionStateUpdate { workersCount: 1 }
23:00:59.814 detox[25238] [90mB[39m connection :54973<->:54976
23:00:59.815 detox[25239] [90mi[39m opened web socket to: ws://localhost:54973
23:00:59.816 detox[25238] [90mi[39m get
  data: {"type":"login","params":{"sessionId":"46d9381e-1fe3-8715-c765-010c61f7b645","role":"tester"},"messageId":0}
23:00:59.816 detox[25239] [90mi[39m send message
  data: {"type":"login","params":{"sessionId":"46d9381e-1fe3-8715-c765-010c61f7b645","role":"tester"},"messageId":0}
23:00:59.817 detox[25238] [90mi[39m created session 46d9381e-1fe3-8715-c765-010c61f7b645
23:00:59.817 detox[25238] [90mi[39m send
  data: {
    "type": "loginSuccess",
    "params": {
      "testerConnected": true,
      "appConnected": false
    },
    "messageId": 0
  }
23:00:59.817 detox[25238] [90mi[39m tester joined session 46d9381e-1fe3-8715-c765-010c61f7b645
23:00:59.817 detox[25239] [90mi[39m get message
  data: {"type":"loginSuccess","params":{"testerConnected":true,"appConnected":false},"messageId":0}
   
23:00:59.984 detox[25238] [90mi[39m received event of :  allocateDevice {
  deviceConfig: { type: 'ios.simulator', device: { type: 'iPhone 16' } }
}
23:00:59.984 detox[25239] [90mi[39m dispatching event to  primary-25238 /tmp/detox.primary-25238  :  allocateDevice , {
  deviceConfig: { type: 'ios.simulator', device: { type: 'iPhone 16' } }
}
23:00:59.986 detox[25238] [90mB[39m init
  args: ()
23:00:59.988 detox[25238] [90mE[39m init
23:00:59.988 detox[25238] [90mB[39m allocate
  data: {
    "type": "ios.simulator",
    "device": {
      "type": "iPhone 16"
    }
  }
23:00:59.996 detox[25238] [90mi[39m applesimutils --list --byType "iPhone 16" --fields udid,os,identifier
23:00:59.996 detox[25238] [90mi[39m Searching for device by type = "iPhone 16" ...
23:01:00.207 detox[25238] [90mi[39m [
  {
    "os" : {
      "identifier" : "com.apple.CoreSimulator.SimRuntime.iOS-18-4"
    },
    "udid" : "A90F393D-72AC-4F90-BBE5-9C3B184A3157"
  },
  {
    "os" : {
      "identifier" : "com.apple.CoreSimulator.SimRuntime.iOS-18-0"
    },
    "udid" : "BF1CAF3D-3B23-4ECA-B8A2-5A9086487A78"
  }
]

23:01:00.207 detox[25238] [90mi[39m settled on A90F393D-72AC-4F90-BBE5-9C3B184A3157
  data: {
    "id": "A90F393D-72AC-4F90-BBE5-9C3B184A3157",
    "udid": "A90F393D-72AC-4F90-BBE5-9C3B184A3157"
  }
23:01:00.207 detox[25238] [90mE[39m allocate
23:01:00.207 detox[25238] [90mB[39m post-allocate: A90F393D-72AC-4F90-BBE5-9C3B184A3157
  data: {
    "id": "A90F393D-72AC-4F90-BBE5-9C3B184A3157",
    "udid": "A90F393D-72AC-4F90-BBE5-9C3B184A3157"
  }
23:01:00.207 detox[25238] [90mi[39m applesimutils --list --byId A90F393D-72AC-4F90-BBE5-9C3B184A3157 --maxResults 1 --fields udid,os,version,state
23:01:00.311 detox[25238] [90mi[39m [
  {
    "state" : "Booted",
    "os" : {
      "version" : "18.4"
    },
    "udid" : "A90F393D-72AC-4F90-BBE5-9C3B184A3157"
  }
]

23:01:00.311 detox[25238] [90mE[39m post-allocate: A90F393D-72AC-4F90-BBE5-9C3B184A3157
23:01:00.311 detox[25238] [90mi[39m dispatching event to socket  :  allocateDeviceDone {
  deviceCookie: {
    id: 'A90F393D-72AC-4F90-BBE5-9C3B184A3157',
    udid: 'A90F393D-72AC-4F90-BBE5-9C3B184A3157',
    type: 'ios.simulator',
    bootArgs: undefined,
    headless: undefined
  }
}
23:01:00.311 detox[25239] [90mi[39m ## received events ##
23:01:00.311 detox[25239] [90mi[39m detected event allocateDeviceDone {
  deviceCookie: {
    id: 'A90F393D-72AC-4F90-BBE5-9C3B184A3157',
    udid: 'A90F393D-72AC-4F90-BBE5-9C3B184A3157',
    type: 'ios.simulator'
  }
}
23:01:00.322 detox[25239] [90mB[39m onBootDevice
  args: ({"deviceId":"A90F393D-72AC-4F90-BBE5-9C3B184A3157"})
23:01:00.322 detox[25239] [90mE[39m onBootDevice
23:01:00.322 detox[25239] [90mB[39m installUtilBinaries
  args: ()
23:01:00.322 detox[25239] [90mE[39m installUtilBinaries
23:01:00.322 detox[25239] [90mB[39m selectApp
  args: ("default")
23:01:00.328 detox[25239] [90mE[39m selectApp
23:01:00.328 detox[25239] [90mB[39m uninstallApp
  args: ()
23:01:00.328 detox[25239] [90mB[39m onBeforeUninstallApp
  args: ({"deviceId":"A90F393D-72AC-4F90-BBE5-9C3B184A3157","bundleId":"org.timedancers.meditation"})
23:01:00.328 detox[25239] [90mE[39m onBeforeUninstallApp
23:01:00.329 detox[25239] [90mi[39m /usr/bin/xcrun simctl uninstall A90F393D-72AC-4F90-BBE5-9C3B184A3157 org.timedancers.meditation
23:01:00.329 detox[25239] [90mi[39m Uninstalling org.timedancers.meditation...
23:01:00.481 detox[25239] [90mi[39m org.timedancers.meditation uninstalled
23:01:00.482 detox[25239] [90mE[39m uninstallApp
23:01:00.482 detox[25239] [90mB[39m selectApp
  args: ("default")
23:01:00.482 detox[25239] [90mB[39m terminateApp
  args: ()
23:01:00.482 detox[25239] [90mB[39m onBeforeTerminateApp
  args: ({"deviceId":"A90F393D-72AC-4F90-BBE5-9C3B184A3157","bundleId":"org.timedancers.meditation"})
23:01:00.482 detox[25239] [90mE[39m onBeforeTerminateApp
23:01:00.482 detox[25239] [90mi[39m /usr/bin/xcrun simctl terminate A90F393D-72AC-4F90-BBE5-9C3B184A3157 org.timedancers.meditation
23:01:00.482 detox[25239] [90mi[39m Terminating org.timedancers.meditation...
23:01:01.611 detox[25239] [90mi[39m An error was encountered processing the command (domain=NSPOSIXErrorDomain, code=3):
Simulator device failed to terminate org.timedancers.meditation.
found nothing to terminate
Underlying error (domain=NSPOSIXErrorDomain, code=3):
	The request to terminate "org.timedancers.meditation" failed. found nothing to terminate
	found nothing to terminate

23:01:01.611 detox[25239] [90mi[39m Terminating org.timedancers.meditation...
23:01:01.741 detox[25239] [90mi[39m "/usr/bin/xcrun simctl terminate A90F393D-72AC-4F90-BBE5-9C3B184A3157 org.timedancers.meditation" failed with error = Error: Command failed: /usr/bin/xcrun simctl terminate A90F393D-72AC-4F90-BBE5-9C3B184A3157 org.timedancers.meditation
An error was encountered processing the command (domain=NSPOSIXErrorDomain, code=3):
Simulator device failed to terminate org.timedancers.meditation.
found nothing to terminate
Underlying error (domain=NSPOSIXErrorDomain, code=3):
	The request to terminate "org.timedancers.meditation" failed. found nothing to terminate
	found nothing to terminate
 (code=3), stdout and stderr:

23:01:01.741 detox[25239] [90mi[39m 
23:01:01.742 detox[25239] [90mi[39m An error was encountered processing the command (domain=NSPOSIXErrorDomain, code=3):
Simulator device failed to terminate org.timedancers.meditation.
found nothing to terminate
Underlying error (domain=NSPOSIXErrorDomain, code=3):
	The request to terminate "org.timedancers.meditation" failed. found nothing to terminate
	found nothing to terminate

23:01:01.742 detox[25239] [90mB[39m onTerminateApp
  args: ({"deviceId":"A90F393D-72AC-4F90-BBE5-9C3B184A3157","bundleId":"org.timedancers.meditation"})
23:01:01.742 detox[25239] [90mE[39m onTerminateApp
23:01:01.742 detox[25239] [90mE[39m terminateApp
23:01:01.742 detox[25239] [90mE[39m selectApp
23:01:01.742 detox[25239] [90mB[39m installApp
  args: ()
23:01:01.742 detox[25239] [90mi[39m /usr/bin/xcrun simctl install A90F393D-72AC-4F90-BBE5-9C3B184A3157 "/Users/russellbrown/Developer/timedancers-meditation/ios/build/Build/Products/Debug-iphonesimulator/TimedancersMeditation.app"
23:01:01.742 detox[25239] [90mi[39m Installing /Users/russellbrown/Developer/timedancers-meditation/ios/build/Build/Products/Debug-iphonesimulator/TimedancersMeditation.app...
23:01:02.024 detox[25239] [90mi[39m /Users/russellbrown/Developer/timedancers-meditation/ios/build/Build/Products/Debug-iphonesimulator/TimedancersMeditation.app installed
23:01:02.024 detox[25239] [90mE[39m installApp
23:01:02.025 detox[25239] [90mB[39m selectApp
  args: ("default")
23:01:02.025 detox[25239] [90mB[39m terminateApp
  args: ()
23:01:02.025 detox[25239] [90mB[39m onBeforeTerminateApp
  args: ({"deviceId":"A90F393D-72AC-4F90-BBE5-9C3B184A3157","bundleId":"org.timedancers.meditation"})
23:01:02.025 detox[25239] [90mE[39m onBeforeTerminateApp
23:01:02.025 detox[25239] [90mi[39m /usr/bin/xcrun simctl terminate A90F393D-72AC-4F90-BBE5-9C3B184A3157 org.timedancers.meditation
23:01:02.025 detox[25239] [90mi[39m Terminating org.timedancers.meditation...
23:01:03.129 detox[25239] [90mi[39m An error was encountered processing the command (domain=NSPOSIXErrorDomain, code=3):
Simulator device failed to terminate org.timedancers.meditation.
found nothing to terminate
Underlying error (domain=NSPOSIXErrorDomain, code=3):
	The request to terminate "org.timedancers.meditation" failed. found nothing to terminate
	found nothing to terminate

23:01:03.129 detox[25239] [90mi[39m Terminating org.timedancers.meditation...
23:01:03.255 detox[25239] [90mi[39m "/usr/bin/xcrun simctl terminate A90F393D-72AC-4F90-BBE5-9C3B184A3157 org.timedancers.meditation" failed with error = Error: Command failed: /usr/bin/xcrun simctl terminate A90F393D-72AC-4F90-BBE5-9C3B184A3157 org.timedancers.meditation
An error was encountered processing the command (domain=NSPOSIXErrorDomain, code=3):
Simulator device failed to terminate org.timedancers.meditation.
found nothing to terminate
Underlying error (domain=NSPOSIXErrorDomain, code=3):
	The request to terminate "org.timedancers.meditation" failed. found nothing to terminate
	found nothing to terminate
 (code=3), stdout and stderr:

23:01:03.255 detox[25239] [90mi[39m 
23:01:03.255 detox[25239] [90mi[39m An error was encountered processing the command (domain=NSPOSIXErrorDomain, code=3):
Simulator device failed to terminate org.timedancers.meditation.
found nothing to terminate
Underlying error (domain=NSPOSIXErrorDomain, code=3):
	The request to terminate "org.timedancers.meditation" failed. found nothing to terminate
	found nothing to terminate

23:01:03.255 detox[25239] [90mB[39m onTerminateApp
  args: ({"deviceId":"A90F393D-72AC-4F90-BBE5-9C3B184A3157","bundleId":"org.timedancers.meditation"})
23:01:03.255 detox[25239] [90mE[39m onTerminateApp
23:01:03.255 detox[25239] [90mE[39m terminateApp
23:01:03.255 detox[25239] [90mE[39m selectApp
23:01:03.255 detox[25239] [90mE[39m set up environment
23:01:03.551 detox[25239] [90mi[39m onboarding.e2e.ts is assigned to A90F393D-72AC-4F90-BBE5-9C3B184A3157 (iPhone 16)
23:01:03.552 detox[25239] [90mB[39m run the tests
23:01:03.552 detox[25239] [90mB[39m onRunDescribeStart
  args: ({"name":"ROOT_DESCRIBE_BLOCK"})
23:01:03.552 detox[25239] [90mE[39m onRunDescribeStart
23:01:03.553 detox[25239] [90mB[39m beforeAll
23:01:03.553 detox[25239] [90mB[39m uninstallApp
  args: ()
23:01:03.553 detox[25239] [90mB[39m onBeforeUninstallApp
  args: ({"deviceId":"A90F393D-72AC-4F90-BBE5-9C3B184A3157","bundleId":"org.timedancers.meditation"})
23:01:03.553 detox[25239] [90mE[39m onBeforeUninstallApp
23:01:03.553 detox[25239] [90mi[39m /usr/bin/xcrun simctl uninstall A90F393D-72AC-4F90-BBE5-9C3B184A3157 org.timedancers.meditation
23:01:03.554 detox[25239] [90mi[39m Uninstalling org.timedancers.meditation...
23:01:03.670 detox[25239] [90mi[39m org.timedancers.meditation uninstalled
23:01:03.670 detox[25239] [90mE[39m uninstallApp
23:01:03.670 detox[25239] [90mB[39m installApp
  args: ()
23:01:03.670 detox[25239] [90mi[39m /usr/bin/xcrun simctl install A90F393D-72AC-4F90-BBE5-9C3B184A3157 "/Users/russellbrown/Developer/timedancers-meditation/ios/build/Build/Products/Debug-iphonesimulator/TimedancersMeditation.app"
23:01:03.670 detox[25239] [90mi[39m Installing /Users/russellbrown/Developer/timedancers-meditation/ios/build/Build/Products/Debug-iphonesimulator/TimedancersMeditation.app...
23:01:03.931 detox[25239] [90mi[39m /Users/russellbrown/Developer/timedancers-meditation/ios/build/Build/Products/Debug-iphonesimulator/TimedancersMeditation.app installed
23:01:03.931 detox[25239] [90mE[39m installApp
23:01:03.932 detox[25239] [90mB[39m launchApp
  args: ({"newInstance":true,"permissions":{"notifications":"YES"}})
23:01:03.932 detox[25239] [90mB[39m terminateApp
  args: ("org.timedancers.meditation")
23:01:03.932 detox[25239] [90mB[39m onBeforeTerminateApp
  args: ({"deviceId":"A90F393D-72AC-4F90-BBE5-9C3B184A3157","bundleId":"org.timedancers.meditation"})
23:01:03.932 detox[25239] [90mE[39m onBeforeTerminateApp
23:01:03.932 detox[25239] [90mi[39m /usr/bin/xcrun simctl terminate A90F393D-72AC-4F90-BBE5-9C3B184A3157 org.timedancers.meditation
23:01:03.932 detox[25239] [90mi[39m Terminating org.timedancers.meditation...
23:01:05.039 detox[25239] [90mi[39m An error was encountered processing the command (domain=NSPOSIXErrorDomain, code=3):
Simulator device failed to terminate org.timedancers.meditation.
found nothing to terminate
Underlying error (domain=NSPOSIXErrorDomain, code=3):
	The request to terminate "org.timedancers.meditation" failed. found nothing to terminate
	found nothing to terminate

23:01:05.039 detox[25239] [90mi[39m Terminating org.timedancers.meditation...
23:01:05.155 detox[25239] [90mi[39m "/usr/bin/xcrun simctl terminate A90F393D-72AC-4F90-BBE5-9C3B184A3157 org.timedancers.meditation" failed with error = Error: Command failed: /usr/bin/xcrun simctl terminate A90F393D-72AC-4F90-BBE5-9C3B184A3157 org.timedancers.meditation
An error was encountered processing the command (domain=NSPOSIXErrorDomain, code=3):
Simulator device failed to terminate org.timedancers.meditation.
found nothing to terminate
Underlying error (domain=NSPOSIXErrorDomain, code=3):
	The request to terminate "org.timedancers.meditation" failed. found nothing to terminate
	found nothing to terminate
 (code=3), stdout and stderr:

23:01:05.155 detox[25239] [90mi[39m 
23:01:05.155 detox[25239] [90mi[39m An error was encountered processing the command (domain=NSPOSIXErrorDomain, code=3):
Simulator device failed to terminate org.timedancers.meditation.
found nothing to terminate
Underlying error (domain=NSPOSIXErrorDomain, code=3):
	The request to terminate "org.timedancers.meditation" failed. found nothing to terminate
	found nothing to terminate

23:01:05.155 detox[25239] [90mB[39m onTerminateApp
  args: ({"deviceId":"A90F393D-72AC-4F90-BBE5-9C3B184A3157","bundleId":"org.timedancers.meditation"})
23:01:05.155 detox[25239] [90mE[39m onTerminateApp
23:01:05.155 detox[25239] [90mE[39m terminateApp
23:01:05.155 detox[25239] [90mi[39m applesimutils --byId A90F393D-72AC-4F90-BBE5-9C3B184A3157 --bundle org.timedancers.meditation --restartSB --setPermissions notifications=YES
23:01:05.155 detox[25239] [90mi[39m Trying to set permissions with AppleSimUtils: notifications=YES...
23:01:05.513 detox[25239] [90mi[39m notifications permissions are set
23:01:05.514 detox[25239] [90mB[39m onBeforeLaunchApp
  args: ({"bundleId":"org.timedancers.meditation","deviceId":"A90F393D-72AC-4F90-BBE5-9C3B184A3157","launchArgs":{"detoxServer":"ws://localhost:54973","detoxSessionId":"46d9381e-1fe3-8715-c765-010c61f7b645"}})
23:01:05.515 detox[25239] [90mi[39m starting SimulatorLogRecording {
  udid: 'A90F393D-72AC-4F90-BBE5-9C3B184A3157',
  bundleId: 'org.timedancers.meditation'
}
23:01:05.517 detox[25239] [90mi[39m /usr/bin/xcrun simctl get_app_container A90F393D-72AC-4F90-BBE5-9C3B184A3157 org.timedancers.meditation
23:01:05.622 detox[25239] [90mi[39m /Users/russellbrown/Library/Developer/CoreSimulator/Devices/A90F393D-72AC-4F90-BBE5-9C3B184A3157/data/Containers/Bundle/Application/B9A7D8F4-1580-46F0-922B-CCF15FF84A04/TimedancersMeditation.app

23:01:05.623 detox[25239] [90mi[39m /usr/bin/xcrun simctl spawn A90F393D-72AC-4F90-BBE5-9C3B184A3157 log stream --level debug --style compact --predicate "processImagePath beginsWith \"/Users/russellbrown/Library/Developer/CoreSimulator/Devices/A90F393D-72AC-4F90-BBE5-9C3B184A3157/data/Containers/Bundle/Application/B9A7D8F4-1580-46F0-922B-CCF15FF84A04/TimedancersMeditation.app\""
23:01:05.674 detox[25239] [90mE[39m onBeforeLaunchApp
23:01:05.674 detox[25239] [90mi[39m SIMCTL_CHILD_GULGeneratedClassDisposeDisabled=YES SIMCTL_CHILD_DYLD_INSERT_LIBRARIES="/Users/russellbrown/Library/Detox/ios/framework/ec6991bd5708049e5dd202db02b5795a1742a5b4/Detox.framework/Detox" /usr/bin/xcrun simctl launch A90F393D-72AC-4F90-BBE5-9C3B184A3157 org.timedancers.meditation --args -detoxServer ws://localhost:54973 -detoxSessionId 46d9381e-1fe3-8715-c765-010c61f7b645 -detoxDebugVisibility YES -detoxDisableHierarchyDump YES
23:01:05.674 detox[25239] [90mi[39m Launching org.timedancers.meditation...
23:01:08.197 detox[25239] [90mi[39m org.timedancers.meditation: 25339

23:01:08.197 detox[25239] [90mi[39m /usr/bin/xcrun simctl get_app_container A90F393D-72AC-4F90-BBE5-9C3B184A3157 org.timedancers.meditation
23:01:08.433 detox[25239] [90mi[39m /Users/russellbrown/Library/Developer/CoreSimulator/Devices/A90F393D-72AC-4F90-BBE5-9C3B184A3157/data/Containers/Bundle/Application/B9A7D8F4-1580-46F0-922B-CCF15FF84A04/TimedancersMeditation.app

23:01:08.444 detox[25239] [90mi[39m org.timedancers.meditation launched. To watch simulator logs, run:
        /usr/bin/xcrun simctl spawn A90F393D-72AC-4F90-BBE5-9C3B184A3157 log stream --level debug --style compact --predicate 'process == "TimedancersMeditation"'
23:01:08.444 detox[25239] [90mB[39m onLaunchApp
  args: ({"bundleId":"org.timedancers.meditation","deviceId":"A90F393D-72AC-4F90-BBE5-9C3B184A3157","launchArgs":{"detoxServer":"ws://localhost:54973","detoxSessionId":"46d9381e-1fe3-8715-c765-010c61f7b645","detoxDebugVisibility":"YES","detoxDisableHierarchyDump":"YES"},"pid":25339})
23:01:08.445 detox[25239] [90mE[39m onLaunchApp
23:01:08.707 detox[25238] [90mB[39m connection :54973<->:55011
23:01:09.050 detox[25238] [90mi[39m get
  data: {"type":"login","params":{"role":"app","sessionId":"46d9381e-1fe3-8715-c765-010c61f7b645"},"messageId":0}
23:01:09.050 detox[25238] [90mi[39m send
  data: {
    "type": "loginSuccess",
    "params": {
      "testerConnected": true,
      "appConnected": true
    },
    "messageId": 0
  }
23:01:09.051 detox[25238] [90mi[39m app joined session 46d9381e-1fe3-8715-c765-010c61f7b645
23:01:09.051 detox[25238] [90mi[39m send
  data: {
    "type": "appConnected"
  }
23:01:09.051 detox[25239] [90mi[39m get message
  data: {"type":"appConnected"}
   
23:01:09.052 detox[25239] [90mi[39m send message
  data: {"type":"isReady","params":{},"messageId":-1000}
23:01:09.053 detox[25238] [90mi[39m get
  data: {"type":"isReady","params":{},"messageId":-1000}
23:01:09.053 detox[25238] [90mi[39m send
  data: {
    "type": "isReady",
    "params": {},
    "messageId": -1000
  }
23:01:10.460 detox[25238] [90mi[39m get
  data: {"messageId":-1000,"type":"ready","params":{}}
23:01:10.460 detox[25238] [90mi[39m send
  data: {
    "messageId": -1000,
    "type": "ready",
    "params": {}
  }
23:01:10.461 detox[25238] [90mi[39m get
  data: {"messageId":-1000,"type":"ready","params":{}}
23:01:10.461 detox[25238] [90mi[39m send
  data: {
    "messageId": -1000,
    "type": "ready",
    "params": {}
  }
23:01:10.461 detox[25239] [90mi[39m get message
  data: {"messageId":-1000,"type":"ready","params":{}}
   
23:01:10.462 detox[25238] [90mi[39m get
  data: {"messageId":-1000,"type":"ready","params":{}}
23:01:10.462 detox[25238] [90mi[39m send
  data: {
    "messageId": -1000,
    "type": "ready",
    "params": {}
  }
23:01:10.462 detox[25239] [90mi[39m send message
  data: {"type":"waitForActive","params":{},"messageId":1}
23:01:10.463 detox[25238] [90mi[39m get
  data: {"type":"waitForActive","params":{},"messageId":1}
23:01:10.463 detox[25238] [90mi[39m send
  data: {
    "type": "waitForActive",
    "params": {},
    "messageId": 1
  }
23:01:10.463 detox[25239] [90mi[39m get message
  data: {"messageId":-1000,"type":"ready","params":{}}
   
23:01:10.463 detox[25239] [90mi[39m get message
  data: {"messageId":-1000,"type":"ready","params":{}}
   
23:01:10.465 detox[25238] [90mi[39m get
  data: {"messageId":1,"type":"waitForActiveDone","params":{}}
23:01:10.465 detox[25238] [90mi[39m send
  data: {
    "messageId": 1,
    "type": "waitForActiveDone",
    "params": {}
  }
23:01:10.465 detox[25239] [90mi[39m get message
  data: {"messageId":1,"type":"waitForActiveDone","params":{}}
   
23:01:10.466 detox[25239] [90mB[39m onAppReady
  args: ({"deviceId":"A90F393D-72AC-4F90-BBE5-9C3B184A3157","bundleId":"org.timedancers.meditation","pid":25339})
23:01:10.466 detox[25239] [90mE[39m onAppReady
23:01:10.466 detox[25239] [90mE[39m launchApp
23:01:10.467 detox[25239] [90mE[39m beforeAll
23:01:10.467 detox[25239] [90mB[39m Onboarding to Meditate
23:01:10.467 detox[25239] [90mB[39m onRunDescribeStart
  args: ({"name":"Onboarding to Meditate"})
23:01:10.468 detox[25239] [90mE[39m onRunDescribeStart
23:01:10.469 detox[25239] [90mB[39m completes onboarding and lands on Meditate
23:01:10.469 detox[25239] [90mi[39m Onboarding to Meditate: completes onboarding and lands on Meditate
23:01:10.471 detox[25239] [90mB[39m onTestStart
  args: ({"title":"completes onboarding and lands on Meditate","fullName":"Onboarding to Meditate completes onboarding and lands on Meditate","status":"running","invocations":1})
23:01:10.472 detox[25239] [90mi[39m stopping SimulatorLogRecording
23:01:10.525 detox[25239] [90mi[39m sending SIGINT to: /usr/bin/xcrun simctl spawn A90F393D-72AC-4F90-BBE5-9C3B184A3157 log stream --level debug --style compact --predicate processImagePath beginsWith "/Users/russellbrown/Library/Developer/CoreSimulator/Devices/A90F393D-72AC-4F90-BBE5-9C3B184A3157/data/Containers/Bundle/Application/B9A7D8F4-1580-46F0-922B-CCF15FF84A04/TimedancersMeditation.app"
23:01:10.531 detox[25239] [90mi[39m /usr/bin/xcrun simctl spawn A90F393D-72AC-4F90-BBE5-9C3B184A3157 log stream --level debug --style compact --predicate "processImagePath beginsWith \"/Users/russellbrown/Library/Developer/CoreSimulator/Devices/A90F393D-72AC-4F90-BBE5-9C3B184A3157/data/Containers/Bundle/Application/B9A7D8F4-1580-46F0-922B-CCF15FF84A04/TimedancersMeditation.app\"" exited with code #0
23:01:10.533 detox[25239] [90mi[39m starting SimulatorLogRecording
23:01:10.534 detox[25239] [90mi[39m /usr/bin/xcrun simctl get_app_container A90F393D-72AC-4F90-BBE5-9C3B184A3157 org.timedancers.meditation
23:01:10.650 detox[25239] [90mi[39m /Users/russellbrown/Library/Developer/CoreSimulator/Devices/A90F393D-72AC-4F90-BBE5-9C3B184A3157/data/Containers/Bundle/Application/B9A7D8F4-1580-46F0-922B-CCF15FF84A04/TimedancersMeditation.app

23:01:10.651 detox[25239] [90mi[39m /usr/bin/xcrun simctl spawn A90F393D-72AC-4F90-BBE5-9C3B184A3157 log stream --level debug --style compact --predicate "processImagePath beginsWith \"/Users/russellbrown/Library/Developer/CoreSimulator/Devices/A90F393D-72AC-4F90-BBE5-9C3B184A3157/data/Containers/Bundle/Application/B9A7D8F4-1580-46F0-922B-CCF15FF84A04/TimedancersMeditation.app\""
23:01:10.701 detox[25239] [90mi[39m starting SimulatorScreenshot
23:01:10.702 detox[25239] [90mi[39m /usr/bin/xcrun simctl io A90F393D-72AC-4F90-BBE5-9C3B184A3157 screenshot "/private/var/folders/tt/916p_lms6lnf31hx0kmlsmjh0000gn/T/detox-25239-34VlcE.detox.png"
23:01:10.702 detox[25239] [90mi[39m starting SimulatorInstrumentsRecording
23:01:10.704 detox[25238] [90mi[39m get
  data: {"type":"setRecordingState","params":{"recordingPath":"/private/var/folders/tt/916p_lms6lnf31hx0kmlsmjh0000gn/T/detox-25239-Lr0sKs.detox.dtxrec","samplingInterval":0.25},"messageId":2}
23:01:10.704 detox[25239] [90mi[39m send message
  data: {"type":"setRecordingState","params":{"recordingPath":"/private/var/folders/tt/916p_lms6lnf31hx0kmlsmjh0000gn/T/detox-25239-Lr0sKs.detox.dtxrec","samplingInterval":0.25},"messageId":2}
23:01:10.705 detox[25238] [90mi[39m send
  data: {
    "type": "setRecordingState",
    "params": {
      "recordingPath": "/private/var/folders/tt/916p_lms6lnf31hx0kmlsmjh0000gn/T/detox-25239-Lr0sKs.detox.dtxrec",
      "samplingInterval": 0.25
    },
    "messageId": 2
  }
23:01:10.706 detox[25238] [90mi[39m get
  data: {"type":"setRecordingStateDone","params":{},"messageId":2}
23:01:10.706 detox[25238] [90mi[39m send
  data: {
    "type": "setRecordingStateDone",
    "params": {},
    "messageId": 2
  }
23:01:10.706 detox[25239] [90mi[39m get message
  data: {"type":"setRecordingStateDone","params":{},"messageId":2}
   
23:01:10.882 detox[25239] [90mi[39m Detected file type 'PNG' from extension
Wrote screenshot to: /private/var/folders/tt/916p_lms6lnf31hx0kmlsmjh0000gn/T/detox-25239-34VlcE.detox.png

23:01:10.882 detox[25239] [90mi[39m stopping SimulatorScreenshot
23:01:10.883 detox[25239] [90mE[39m onTestStart
23:01:10.883 detox[25239] [90mB[39m beforeEach
23:01:10.883 detox[25239] [90mE[39m beforeEach
23:01:10.883 detox[25239] [90mB[39m test_fn
23:01:10.886 detox[25238] [90mi[39m get
  data: {"type":"invoke","params":{"type":"expectation","predicate":{"type":"id","value":"onboarding-next","isRegex":false},"expectation":"toBeVisible","timeout":10000},"messageId":3}
23:01:10.886 detox[25238] [90mi[39m send
  data: {
    "type": "invoke",
    "params": {
      "type": "expectation",
      "predicate": {
        "type": "id",
        "value": "onboarding-next",
        "isRegex": false
      },
      "expectation": "toBeVisible",
      "timeout": 10000
    },
    "messageId": 3
  }
23:01:10.886 detox[25239] [90mi[39m send message
  data: {"type":"invoke","params":{"type":"expectation","predicate":{"type":"id","value":"onboarding-next","isRegex":false},"expectation":"toBeVisible","timeout":10000},"messageId":3}
23:01:10.886 detox[25239] [90mB[39m wait until timeout (10000 ms) with timeout (10000 ms)
  data: {
    "type": "expectation",
    "predicate": {
      "type": "id",
      "value": "onboarding-next",
      "isRegex": false
    },
    "expectation": "toBeVisible",
    "timeout": 10000
  }
23:01:20.885 detox[25239] [90mi[39m send message
  data: {"type":"currentStatus","params":{},"messageId":4}
23:01:20.886 detox[25238] [90mi[39m get
  data: {"type":"currentStatus","params":{},"messageId":4}
23:01:20.886 detox[25238] [90mi[39m send
  data: {
    "type": "currentStatus",
    "params": {},
    "messageId": 4
  }
23:01:20.887 detox[25238] [90mi[39m get
  data: {"type":"currentStatusResult","messageId":4,"params":{"status":{"busy_resources":[{"name":"run_loop","description":{"name":"Main Run Loop"}},{"name":"dispatch_queue","description":{"queue":"Main Queue (<OS_dispatch_queue_main: com.apple.main-thread>)","works_count":2}}],"app_status":"busy"},"messageId":4}}
23:01:20.887 detox[25238] [90mi[39m send
  data: {
    "type": "currentStatusResult",
    "messageId": 4,
    "params": {
      "status": {
        "busy_resources": [
          {
            "name": "run_loop",
            "description": {
              "name": "Main Run Loop"
            }
          },
          {
            "name": "dispatch_queue",
            "description": {
              "queue": "Main Queue (<OS_dispatch_queue_main: com.apple.main-thread>)",
              "works_count": 2
            }
          }
        ],
        "app_status": "busy"
      },
      "messageId": 4
    }
  }
23:01:20.888 detox[25239] [90mi[39m get message
  data: {"type":"currentStatusResult","messageId":4,"params":{"status":{"busy_resources":[{"name":"run_loop","description":{"name":"Main Run Loop"}},{"name":"dispatch_queue","description":{"queue":"Main Queue (<OS_dispatch_queue_main: com.apple.main-thread>)","works_count":2}}],"app_status":"busy"},"messageId":4}}
   
23:01:20.892 detox[25239] [90mi[39m The app is busy with the following tasks:
• Run loop "Main Run Loop" is awake.
• There are 2 work items pending on the dispatch queue: "Main Queue (<OS_dispatch_queue_main: com.apple.main-thread>)".
23:01:20.907 detox[25238] [90mi[39m get
  data: {"params":{"details":"Timed out while waiting for expectation: TOBEVISIBLE WITH MATCHER(id == “onboarding-next”) TIMEOUT(10s)","DetoxFailureInformation":{"lineNumber":154,"file":"\/Users\/builder\/uibuilder\/work\/detox\/ios\/Detox\/Invocation\/Expectation.swift","functionName":"evaluate_after(startDate:completionHandler:)"},"viewHierarchy":"<?xml version=\"1.0\" encoding=\"utf-8\"?>\n<ViewHierarchy>\n    <UIWindow alpha=\"1.0\" class=\"UIWindow\" focused=\"false\" height=\"852\" ptr=\"0x106e0a970\" visibility=\"visible\" width=\"393\">\n        <UITransitionView alpha=\"1.0\" class=\"UITransitionView\" focused=\"false\" height=\"852\" ptr=\"0x106c0fc70\" visibility=\"visible\" width=\"393\" x=\"0\" y=\"0\">\n            <UIDropShadowView alpha=\"1.0\" class=\"UIDropShadowView\" focused=\"false\" height=\"852\" ptr=\"0x106c10330\" visibility=\"visible\" width=\"393\" x=\"0\" y=\"0\">\n                <UIView alpha=\"1.0\" class=\"UIView\" focused=\"false\" height=\"852\" ptr=\"0x106c0b760\" visibility=\"visible\" width=\"393\" x=\"0\" y=\"0\">\n                    <_TtGC7SwiftUI14_UIHostingViewV13EXDevLauncher19DevLauncherRootView_ alpha=\"1.0\" class=\"_TtGC7SwiftUI14_UIHostingViewV13EXDevLauncher19DevLauncherRootView_\" focused=\"false\" height=\"852\" ptr=\"0x106b0f170\" visibility=\"visible\" width=\"393\" x=\"0\" y=\"0\">\n                        <_TtGC7SwiftUI16PlatformViewHostGVS_42PlatformViewControllerRepresentableAdaptorVS_P10$1d4166b7821BridgedNavigationView__ alpha=\"1.0\" class=\"_TtGC7SwiftUI16PlatformViewHostGVS_42PlatformViewControllerRepresentableAdaptorVS_P10$1d4166b7821BridgedNavigationView__\" focused=\"false\" height=\"852\" ptr=\"0x106c0a510\" visibility=\"visible\" width=\"393\" x=\"0\" y=\"0\">\n                            <UILayoutContainerView alpha=\"1.0\" class=\"UILayoutContainerView\" focused=\"false\" height=\"852\" ptr=\"0x106c13940\" visibility=\"visible\" width=\"393\" x=\"0\" y=\"0\">\n                                <UINavigationTransitionView alpha=\"1.0\" class=\"UINavigationTransitionView\" focused=\"false\" height=\"852\" ptr=\"0x106c13cf0\" visibility=\"visible\" width=\"393\" x=\"0\" y=\"0\">\n                                    <UIViewControllerWrapperView alpha=\"1.0\" class=\"UIViewControllerWrapperView\" focused=\"false\" height=\"852\" ptr=\"0x106c192e0\" visibility=\"visible\" width=\"393\" x=\"0\" y=\"0\">\n                                        <_TtGC7SwiftUI14_UIHostingViewVVS_P10$1d4166b7821BridgedNavigationView8RootView_ alpha=\"1.0\" class=\"_TtGC7SwiftUI14_UIHostingViewVVS_P10$1d4166b7821BridgedNavigationView8RootView_\" focused=\"false\" height=\"852\" ptr=\"0x106b12f20\" visibility=\"visible\" width=\"393\" x=\"0\" y=\"0\">\n                                            <_TtGC7SwiftUI16PlatformViewHostGVS_42PlatformViewControllerRepresentableAdaptorVS_P10$1d4142b1421UIKitAdaptableTabView__ alpha=\"1.0\" class=\"_TtGC7SwiftUI16PlatformViewHostGVS_42PlatformViewControllerRepresentableAdaptorVS_P10$1d4142b1421UIKitAdaptableTabView__\" focused=\"false\" height=\"852\" ptr=\"0x106d1eb00\" visibility=\"visible\" width=\"393\" x=\"0\" y=\"0\">\n                                                <UILayoutContainerView alpha=\"1.0\" class=\"UILayoutContainerView\" focused=\"false\" height=\"852\" ptr=\"0x106d1d550\" visibility=\"visible\" width=\"393\" x=\"0\" y=\"0\">\n                                                    <UITransitionView alpha=\"1.0\" class=\"UITransitionView\" focused=\"false\" height=\"852\" ptr=\"0x106d1e320\" visibility=\"visible\" width=\"393\" x=\"0\" y=\"0\">\n                                                        <UIViewControllerWrapperView alpha=\"1.0\" class=\"UIViewControllerWrapperView\" focused=\"false\" height=\"852\" ptr=\"0x106b191f0\" visibility=\"visible\" width=\"393\" x=\"0\" y=\"0\">\n                                                            <_TtCC7SwiftUI20TabHostingControllerP33_E387C3C47C0D2A0931533D8490A5A8B711HostingView alpha=\"1.0\" class=\"_TtCC7SwiftUI20TabHostingControllerP33_E387C3C47C0D2A0931533D8490A5A8B711HostingView\" focused=\"false\" height=\"852\" ptr=\"0x106d1f420\" visibility=\"visible\" width=\"393\" x=\"0\" y=\"0\">\n                                                                <SwiftUI._UIGraphicsView alpha=\"1.0\" class=\"SwiftUI._UIGraphicsView\" focused=\"false\" height=\"111\" ptr=\"0x106a2afd0\" visibility=\"visible\" width=\"393\" x=\"0\" y=\"0\" \/>\n                                                                <SwiftUI._UIGraphicsView alpha=\"1.0\" class=\"SwiftUI._UIGraphicsView\" focused=\"false\" height=\"32\" ptr=\"0x106a2bd70\" visibility=\"visible\" width=\"32\" x=\"16\" y=\"69\" \/>\n                                                                <SwiftUI.CGDrawingView alpha=\"1.0\" class=\"SwiftUI.CGDrawingView\" focused=\"false\" height=\"20\" ptr=\"0x106aa6e90\" visibility=\"visible\" width=\"103\" x=\"60\" y=\"67\" \/>\n                                                                <SwiftUI.CGDrawingView alpha=\"1.0\" class=\"SwiftUI.CGDrawingView\" focused=\"false\" height=\"14\" ptr=\"0x106aa7430\" visibility=\"visible\" width=\"106\" x=\"60\" y=\"89\" \/>\n                                                                <_TtC7SwiftUIP33_A34643117F00277B93DEBAB70EC0697122_UIShapeHitTestingView alpha=\"1.0\" class=\"_TtC7SwiftUIP33_A34643117F00277B93DEBAB70EC0697122_UIShapeHitTestingView\" focused=\"false\" height=\"36\" ptr=\"0x106aa6c10\" visibility=\"visible\" width=\"36\" x=\"341\" y=\"67\" \/>\n                                                                <SwiftUI._UIGraphicsView alpha=\"1.0\" class=\"SwiftUI._UIGraphicsView\" focused=\"false\" height=\"20\" ptr=\"0x106a2dc60\" visibility=\"visible\" width=\"20\" x=\"349\" y=\"75\" \/>\n                                                                <_TtCC7SwiftUI17HostingScrollView17PlatformContainer alpha=\"1.0\" class=\"_TtCC7SwiftUI17HostingScrollView17PlatformContainer\" focused=\"false\" height=\"740\" ptr=\"0x106d2a900\" visibility=\"visible\" width=\"393\" x=\"0\" y=\"111\">\n                                                                    <SwiftUI.HostingScrollView alpha=\"1.0\" class=\"SwiftUI.HostingScrollView\" focused=\"false\" height=\"740\" ptr=\"0x10a8b6000\" visibility=\"visible\" width=\"393\" x=\"0\" y=\"0\">\n                                                                        <_TtCC7SwiftUI17HostingScrollView22PlatformGroupContainer alpha=\"1.0\" class=\"_TtCC7SwiftUI17HostingScrollView22PlatformGroupContainer\" focused=\"false\" height=\"173\" ptr=\"0x106d26100\" visibility=\"visible\" width=\"393\" x=\"0\" y=\"0\">\n                                                                            <SwiftUI.CGDrawingView alpha=\"1.0\" class=\"SwiftUI.CGDrawingView\" focused=\"false\" height=\"14\" ptr=\"0x106aa75d0\" visibility=\"visible\" width=\"145\" x=\"16\" y=\"16\" \/>\n                                                                            <SwiftUI.CGDrawingView alpha=\"1.0\" class=\"SwiftUI.CGDrawingView\" focused=\"false\" height=\"14\" ptr=\"0x106aa7b90\" visibility=\"visible\" width=\"28\" x=\"348\" y=\"16\" \/>\n                                                                            <SwiftUI.CGDrawingView alpha=\"1.0\" class=\"SwiftUI.CGDrawingView\" focused=\"false\" height=\"20\" ptr=\"0x106a97120\" visibility=\"visible\" width=\"234\" x=\"32\" y=\"58\" \/>\n                                                                            <SwiftUI._UIGraphicsView alpha=\"1.0\" class=\"SwiftUI._UIGraphicsView\" focused=\"false\" height=\"0\" ptr=\"0x106a30c10\" visibility=\"visible\" width=\"361\" x=\"16\" y=\"100\" \/>\n                                                                            <SwiftUI._UIGraphicsView alpha=\"1.0\" class=\"SwiftUI._UIGraphicsView\" focused=\"false\" height=\"49\" ptr=\"0x106a31660\" visibility=\"visible\" width=\"361\" x=\"16\" y=\"107\" \/>\n                                                                            <_TtC7SwiftUIP33_A34643117F00277B93DEBAB70EC0697122_UIShapeHitTestingView alpha=\"1.0\" class=\"_TtC7SwiftUIP33_A34643117F00277B93DEBAB70EC0697122_UIShapeHitTestingView\" focused=\"false\" height=\"15\" ptr=\"0x106aa6950\" visibility=\"visible\" width=\"9\" x=\"35\" y=\"124\" \/>\n                                                                            <SwiftUI.CGDrawingView alpha=\"1.0\" class=\"SwiftUI.CGDrawingView\" focused=\"false\" height=\"17\" ptr=\"0x106aa7770\" visibility=\"visible\" width=\"126\" x=\"53\" y=\"123\" \/>\n                                                                        <\/_TtCC7SwiftUI17HostingScrollView22PlatformGroupContainer>\n                                                                        <_UIScrollViewScrollIndicator alpha=\"0.0\" class=\"_UIScrollViewScrollIndicator\" focused=\"false\" height=\"142\" label=\"Vertical scroll bar, 1 page\" ptr=\"0x106aa79e0\" value=\"0%\" visibility=\"visible\" width=\"3\" x=\"387\" y=\"511\">\n                                                                            <UIView alpha=\"1.0\" class=\"UIView\" focused=\"false\" height=\"142\" ptr=\"0x106a2cb30\" visibility=\"visible\" width=\"3\" x=\"0\" y=\"0\" \/>\n                                                                        <\/_UIScrollViewScrollIndicator>\n                                                                    <\/SwiftUI.HostingScrollView>\n                                                                <\/_TtCC7SwiftUI17HostingScrollView17PlatformContainer>\n                                                            <\/_TtCC7SwiftUI20TabHostingControllerP33_E387C3C47C0D2A0931533D8490A5A8B711HostingView>\n                                                        <\/UIViewControllerWrapperView>\n                                                    <\/UITransitionView>\n                                                    <UITabBar alpha=\"1.0\" class=\"UITabBar\" focused=\"false\" height=\"83\" label=\"Tab Bar\" ptr=\"0x106d1dbc0\" visibility=\"visible\" width=\"393\" x=\"0\" y=\"769\">\n                                                        <_UIBarBackground alpha=\"1.0\" class=\"_UIBarBackground\" focused=\"false\" height=\"83\" ptr=\"0x106d1e000\" visibility=\"visible\" width=\"393\" x=\"0\" y=\"0\">\n                                                            <UIImageView alpha=\"1.0\" class=\"UIImageView\" focused=\"false\" height=\"83\" ptr=\"0x106b21460\" visibility=\"visible\" width=\"393\" x=\"0\" y=\"0\" \/>\n                                                            <_UIBarBackgroundShadowView alpha=\"1.0\" class=\"_UIBarBackgroundShadowView\" focused=\"false\" height=\"0\" ptr=\"0x106b26630\" visibility=\"visible\" width=\"393\" x=\"0\" y=\"0\">\n                                                                <_UIBarBackgroundShadowContentImageView alpha=\"1.0\" class=\"_UIBarBackgroundShadowContentImageView\" focused=\"false\" height=\"0\" ptr=\"0x106b272e0\" visibility=\"visible\" width=\"393\" x=\"0\" y=\"0\" \/>\n                                                            <\/_UIBarBackgroundShadowView>\n                                                        <\/_UIBarBackground>\n                                                        <UITabBarButton alpha=\"1.0\" class=\"UITabBarButton\" focused=\"false\" height=\"48\" label=\"Home\" ptr=\"0x106b11a70\" visibility=\"visible\" width=\"127\" x=\"2\" y=\"1\">\n                                                            <UITabBarSwappableImageView alpha=\"1.0\" class=\"UITabBarSwappableImageView\" focused=\"false\" height=\"28\" id=\"house.fill\" label=\"home\" ptr=\"0x106b17400\" visibility=\"visible\" width=\"33\" x=\"46\" y=\"3\" \/>\n                                                            <UITabBarButtonLabel alpha=\"1.0\" class=\"UITabBarButtonLabel\" focused=\"false\" height=\"12\" label=\"Home\" ptr=\"0x106b11d40\" text=\"Home\" visibility=\"visible\" width=\"29\" x=\"49\" y=\"34\" \/>\n                                                        <\/UITabBarButton>\n                                                        <UITabBarButton alpha=\"1.0\" class=\"UITabBarButton\" focused=\"false\" height=\"48\" label=\"Updates\" ptr=\"0x106b1a420\" visibility=\"visible\" width=\"127\" x=\"133\" y=\"1\">\n                                                            <UITabBarSwappableImageView alpha=\"1.0\" class=\"UITabBarSwappableImageView\" focused=\"false\" height=\"27\" id=\"arrow.trianglehead.2.clockwise.rotate.90\" label=\"arrow.trianglehead.2.clockwise.rotate.90\" ptr=\"0x106b1b030\" visibility=\"visible\" width=\"28\" x=\"49\" y=\"3\" \/>\n                                                            <UITabBarButtonLabel alpha=\"1.0\" class=\"UITabBarButtonLabel\" focused=\"false\" height=\"12\" label=\"Updates\" ptr=\"0x106b1a6f0\" text=\"Updates\" visibility=\"visible\" width=\"41\" x=\"42\" y=\"34\" \/>\n                                                        <\/UITabBarButton>\n                                                        <UITabBarButton alpha=\"1.0\" class=\"UITabBarButton\" focused=\"false\" height=\"48\" label=\"Settings\" ptr=\"0x106b1d9e0\" visibility=\"visible\" width=\"127\" x=\"264\" y=\"1\">\n                                                            <UITabBarSwappableImageView alpha=\"1.0\" class=\"UITabBarSwappableImageView\" focused=\"false\" height=\"28\" id=\"gearshape.fill\" label=\"gearshape.fill\" ptr=\"0x106b1e840\" visibility=\"visible\" width=\"28\" x=\"49\" y=\"3\" \/>\n                                                            <UITabBarButtonLabel alpha=\"1.0\" class=\"UITabBarButtonLabel\" focused=\"false\" height=\"12\" label=\"Settings\" ptr=\"0x106b1df00\" text=\"Settings\" visibility=\"visible\" width=\"41\" x=\"42\" y=\"34\" \/>\n                                                        <\/UITabBarButton>\n                                                    <\/UITabBar>\n                                                <\/UILayoutContainerView>\n                                            <\/_TtGC7SwiftUI16PlatformViewHostGVS_42PlatformViewControllerRepresentableAdaptorVS_P10$1d4142b1421UIKitAdaptableTabView__>\n                                        <\/_TtGC7SwiftUI14_UIHostingViewVVS_P10$1d4166b7821BridgedNavigationView8RootView_>\n                                    <\/UIViewControllerWrapperView>\n                                <\/UINavigationTransitionView>\n                                <SwiftUI.UIKitToolbar alpha=\"1.0\" class=\"SwiftUI.UIKitToolbar\" focused=\"false\" height=\"49\" id=\"Toolbar\" label=\"Toolbar\" ptr=\"0x106d27c00\" visibility=\"invisible\" width=\"393\" x=\"0\" y=\"852\">\n                                    <_UIBarBackground alpha=\"1.0\" class=\"_UIBarBackground\" focused=\"false\" height=\"83\" ptr=\"0x106d20180\" visibility=\"visible\" width=\"393\" x=\"0\" y=\"0\">\n                                        <UIVisualEffectView alpha=\"1.0\" class=\"UIVisualEffectView\" focused=\"false\" height=\"83\" ptr=\"0x106d21180\" visibility=\"visible\" width=\"393\" x=\"0\" y=\"0\">\n                                            <_UIVisualEffectBackdropView alpha=\"1.0\" class=\"_UIVisualEffectBackdropView\" focused=\"false\" height=\"83\" ptr=\"0x106d288d0\" visibility=\"visible\" width=\"393\" x=\"0\" y=\"0\" \/>\n                                        <\/UIVisualEffectView>\n                                        <_UIBarBackgroundShadowView alpha=\"1.0\" class=\"_UIBarBackgroundShadowView\" focused=\"false\" height=\"0\" ptr=\"0x106d16960\" visibility=\"visible\" width=\"393\" x=\"0\" y=\"0\">\n                                            <_UIBarBackgroundShadowContentImageView alpha=\"1.0\" class=\"_UIBarBackgroundShadowContentImageView\" focused=\"false\" height=\"0\" ptr=\"0x106d290e0\" visibility=\"visible\" width=\"393\" x=\"0\" y=\"0\" \/>\n                                        <\/_UIBarBackgroundShadowView>\n                                    <\/_UIBarBackground>\n                                <\/SwiftUI.UIKitToolbar>\n                            <\/UILayoutContainerView>\n                        <\/_TtGC7SwiftUI16PlatformViewHostGVS_42PlatformViewControllerRepresentableAdaptorVS_P10$1d4166b7821BridgedNavigationView__>\n                    <\/_TtGC7SwiftUI14_UIHostingViewV13EXDevLauncher19DevLauncherRootView_>\n                <\/UIView>\n            <\/UIDropShadowView>\n        <\/UITransitionView>\n    <\/UIWindow>\n<\/ViewHierarchy>","windows":["<UIWindow: 0x106e0a970; frame = (0 0; 393 852);>","<DTXTouchVisualizerWindow: 0x106c1c6d0; frame = (0 0; 393 852);>"],"visibilityFailingRectsURL":"\/Users\/russellbrown\/Library\/Developer\/CoreSimulator\/Devices\/A90F393D-72AC-4F90-BBE5-9C3B184A3157\/data\/Containers\/Data\/Application\/A9A6640B-F0F7-4FD8-9E99-4E975998EAB7\/tmp\/visibilityFailingRects","visibilityFailingScreenshotsURL":"\/Users\/russellbrown\/Library\/Developer\/CoreSimulator\/Devices\/A90F393D-72AC-4F90-BBE5-9C3B184A3157\/data\/Containers\/Data\/Application\/A9A6640B-F0F7-4FD8-9E99-4E975998EAB7\/tmp\/visibilityFailingScreenshots","NSLocalizedDescription":"Timed out while waiting for expectation: TOBEVISIBLE WITH MATCHER(id == “onboarding-next”) TIMEOUT(10s)"},"messageId":3,"type":"testFailed"}
23:01:20.908 detox[25238] [90mi[39m send
  data: {
    "params": {
      "details": "Timed out while waiting for expectation: TOBEVISIBLE WITH MATCHER(id == “onboarding-next”) TIMEOUT(10s)",
      "DetoxFailureInformation": {
        "lineNumber": 154,
        "file": "/Users/builder/uibuilder/work/detox/ios/Detox/Invocation/Expectation.swift",
        "functionName": "evaluate_after(startDate:completionHandler:)"
      },
      "viewHierarchy": "<?xml version=\"1.0\" encoding=\"utf-8\"?>\n<ViewHierarchy>\n    <UIWindow alpha=\"1.0\" class=\"UIWindow\" focused=\"false\" height=\"852\" ptr=\"0x106e0a970\" visibility=\"visible\" width=\"393\">\n        <UITransitionView alpha=\"1.0\" class=\"UITransitionView\" focused=\"false\" height=\"852\" ptr=\"0x106c0fc70\" visibility=\"visible\" width=\"393\" x=\"0\" y=\"0\">\n            <UIDropShadowView alpha=\"1.0\" class=\"UIDropShadowView\" focused=\"false\" height=\"852\" ptr=\"0x106c10330\" visibility=\"visible\" width=\"393\" x=\"0\" y=\"0\">\n                <UIView alpha=\"1.0\" class=\"UIView\" focused=\"false\" height=\"852\" ptr=\"0x106c0b760\" visibility=\"visible\" width=\"393\" x=\"0\" y=\"0\">\n                    <_TtGC7SwiftUI14_UIHostingViewV13EXDevLauncher19DevLauncherRootView_ alpha=\"1.0\" class=\"_TtGC7SwiftUI14_UIHostingViewV13EXDevLauncher19DevLauncherRootView_\" focused=\"false\" height=\"852\" ptr=\"0x106b0f170\" visibility=\"visible\" width=\"393\" x=\"0\" y=\"0\">\n                        <_TtGC7SwiftUI16PlatformViewHostGVS_42PlatformViewControllerRepresentableAdaptorVS_P10$1d4166b7821BridgedNavigationView__ alpha=\"1.0\" class=\"_TtGC7SwiftUI16PlatformViewHostGVS_42PlatformViewControllerRepresentableAdaptorVS_P10$1d4166b7821BridgedNavigationView__\" focused=\"false\" height=\"852\" ptr=\"0x106c0a510\" visibility=\"visible\" width=\"393\" x=\"0\" y=\"0\">\n                            <UILayoutContainerView alpha=\"1.0\" class=\"UILayoutContainerView\" focused=\"false\" height=\"852\" ptr=\"0x106c13940\" visibility=\"visible\" width=\"393\" x=\"0\" y=\"0\">\n                                <UINavigationTransitionView alpha=\"1.0\" class=\"UINavigationTransitionView\" focused=\"false\" height=\"852\" ptr=\"0x106c13cf0\" visibility=\"visible\" width=\"393\" x=\"0\" y=\"0\">\n                                    <UIViewControllerWrapperView alpha=\"1.0\" class=\"UIViewControllerWrapperView\" focused=\"false\" height=\"852\" ptr=\"0x106c192e0\" visibility=\"visible\" width=\"393\" x=\"0\" y=\"0\">\n                                        <_TtGC7SwiftUI14_UIHostingViewVVS_P10$1d4166b7821BridgedNavigationView8RootView_ alpha=\"1.0\" class=\"_TtGC7SwiftUI14_UIHostingViewVVS_P10$1d4166b7821BridgedNavigationView8RootView_\" focused=\"false\" height=\"852\" ptr=\"0x106b12f20\" visibility=\"visible\" width=\"393\" x=\"0\" y=\"0\">\n                                            <_TtGC7SwiftUI16PlatformViewHostGVS_42PlatformViewControllerRepresentableAdaptorVS_P10$1d4142b1421UIKitAdaptableTabView__ alpha=\"1.0\" class=\"_TtGC7SwiftUI16PlatformViewHostGVS_42PlatformViewControllerRepresentableAdaptorVS_P10$1d4142b1421UIKitAdaptableTabView__\" focused=\"false\" height=\"852\" ptr=\"0x106d1eb00\" visibility=\"visible\" width=\"393\" x=\"0\" y=\"0\">\n                                                <UILayoutContainerView alpha=\"1.0\" class=\"UILayoutContainerView\" focused=\"false\" height=\"852\" ptr=\"0x106d1d550\" visibility=\"visible\" width=\"393\" x=\"0\" y=\"0\">\n                                                    <UITransitionView alpha=\"1.0\" class=\"UITransitionView\" focused=\"false\" height=\"852\" ptr=\"0x106d1e320\" visibility=\"visible\" width=\"393\" x=\"0\" y=\"0\">\n                                                        <UIViewControllerWrapperView alpha=\"1.0\" class=\"UIViewControllerWrapperView\" focused=\"false\" height=\"852\" ptr=\"0x106b191f0\" visibility=\"visible\" width=\"393\" x=\"0\" y=\"0\">\n                                                            <_TtCC7SwiftUI20TabHostingControllerP33_E387C3C47C0D2A0931533D8490A5A8B711HostingView alpha=\"1.0\" class=\"_TtCC7SwiftUI20TabHostingControllerP33_E387C3C47C0D2A0931533D8490A5A8B711HostingView\" focused=\"false\" height=\"852\" ptr=\"0x106d1f420\" visibility=\"visible\" width=\"393\" x=\"0\" y=\"0\">\n                                                                <SwiftUI._UIGraphicsView alpha=\"1.0\" class=\"SwiftUI._UIGraphicsView\" focused=\"false\" height=\"111\" ptr=\"0x106a2afd0\" visibility=\"visible\" width=\"393\" x=\"0\" y=\"0\" />\n                                                                <SwiftUI._UIGraphicsView alpha=\"1.0\" class=\"SwiftUI._UIGraphicsView\" focused=\"false\" height=\"32\" ptr=\"0x106a2bd70\" visibility=\"visible\" width=\"32\" x=\"16\" y=\"69\" />\n                                                                <SwiftUI.CGDrawingView alpha=\"1.0\" class=\"SwiftUI.CGDrawingView\" focused=\"false\" height=\"20\" ptr=\"0x106aa6e90\" visibility=\"visible\" width=\"103\" x=\"60\" y=\"67\" />\n                                                                <SwiftUI.CGDrawingView alpha=\"1.0\" class=\"SwiftUI.CGDrawingView\" focused=\"false\" height=\"14\" ptr=\"0x106aa7430\" visibility=\"visible\" width=\"106\" x=\"60\" y=\"89\" />\n                                                                <_TtC7SwiftUIP33_A34643117F00277B93DEBAB70EC0697122_UIShapeHitTestingView alpha=\"1.0\" class=\"_TtC7SwiftUIP33_A34643117F00277B93DEBAB70EC0697122_UIShapeHitTestingView\" focused=\"false\" height=\"36\" ptr=\"0x106aa6c10\" visibility=\"visible\" width=\"36\" x=\"341\" y=\"67\" />\n                                                                <SwiftUI._UIGraphicsView alpha=\"1.0\" class=\"SwiftUI._UIGraphicsView\" focused=\"false\" height=\"20\" ptr=\"0x106a2dc60\" visibility=\"visible\" width=\"20\" x=\"349\" y=\"75\" />\n                                                                <_TtCC7SwiftUI17HostingScrollView17PlatformContainer alpha=\"1.0\" class=\"_TtCC7SwiftUI17HostingScrollView17PlatformContainer\" focused=\"false\" height=\"740\" ptr=\"0x106d2a900\" visibility=\"visible\" width=\"393\" x=\"0\" y=\"111\">\n                                                                    <SwiftUI.HostingScrollView alpha=\"1.0\" class=\"SwiftUI.HostingScrollView\" focused=\"false\" height=\"740\" ptr=\"0x10a8b6000\" visibility=\"visible\" width=\"393\" x=\"0\" y=\"0\">\n                                                                        <_TtCC7SwiftUI17HostingScrollView22PlatformGroupContainer alpha=\"1.0\" class=\"_TtCC7SwiftUI17HostingScrollView22PlatformGroupContainer\" focused=\"false\" height=\"173\" ptr=\"0x106d26100\" visibility=\"visible\" width=\"393\" x=\"0\" y=\"0\">\n                                                                            <SwiftUI.CGDrawingView alpha=\"1.0\" class=\"SwiftUI.CGDrawingView\" focused=\"false\" height=\"14\" ptr=\"0x106aa75d0\" visibility=\"visible\" width=\"145\" x=\"16\" y=\"16\" />\n                                                                            <SwiftUI.CGDrawingView alpha=\"1.0\" class=\"SwiftUI.CGDrawingView\" focused=\"false\" height=\"14\" ptr=\"0x106aa7b90\" visibility=\"visible\" width=\"28\" x=\"348\" y=\"16\" />\n                                                                            <SwiftUI.CGDrawingView alpha=\"1.0\" class=\"SwiftUI.CGDrawingView\" focused=\"false\" height=\"20\" ptr=\"0x106a97120\" visibility=\"visible\" width=\"234\" x=\"32\" y=\"58\" />\n                                                                            <SwiftUI._UIGraphicsView alpha=\"1.0\" class=\"SwiftUI._UIGraphicsView\" focused=\"false\" height=\"0\" ptr=\"0x106a30c10\" visibility=\"visible\" width=\"361\" x=\"16\" y=\"100\" />\n                                                                            <SwiftUI._UIGraphicsView alpha=\"1.0\" class=\"SwiftUI._UIGraphicsView\" focused=\"false\" height=\"49\" ptr=\"0x106a31660\" visibility=\"visible\" width=\"361\" x=\"16\" y=\"107\" />\n                                                                            <_TtC7SwiftUIP33_A34643117F00277B93DEBAB70EC0697122_UIShapeHitTestingView alpha=\"1.0\" class=\"_TtC7SwiftUIP33_A34643117F00277B93DEBAB70EC0697122_UIShapeHitTestingView\" focused=\"false\" height=\"15\" ptr=\"0x106aa6950\" visibility=\"visible\" width=\"9\" x=\"35\" y=\"124\" />\n                                                                            <SwiftUI.CGDrawingView alpha=\"1.0\" class=\"SwiftUI.CGDrawingView\" focused=\"false\" height=\"17\" ptr=\"0x106aa7770\" visibility=\"visible\" width=\"126\" x=\"53\" y=\"123\" />\n                                                                        </_TtCC7SwiftUI17HostingScrollView22PlatformGroupContainer>\n                                                                        <_UIScrollViewScrollIndicator alpha=\"0.0\" class=\"_UIScrollViewScrollIndicator\" focused=\"false\" height=\"142\" label=\"Vertical scroll bar, 1 page\" ptr=\"0x106aa79e0\" value=\"0%\" visibility=\"visible\" width=\"3\" x=\"387\" y=\"511\">\n                                                                            <UIView alpha=\"1.0\" class=\"UIView\" focused=\"false\" height=\"142\" ptr=\"0x106a2cb30\" visibility=\"visible\" width=\"3\" x=\"0\" y=\"0\" />\n                                                                        </_UIScrollViewScrollIndicator>\n                                                                    </SwiftUI.HostingScrollView>\n                                                                </_TtCC7SwiftUI17HostingScrollView17PlatformContainer>\n                                                            </_TtCC7SwiftUI20TabHostingControllerP33_E387C3C47C0D2A0931533D8490A5A8B711HostingView>\n                                                        </UIViewControllerWrapperView>\n                                                    </UITransitionView>\n                                                    <UITabBar alpha=\"1.0\" class=\"UITabBar\" focused=\"false\" height=\"83\" label=\"Tab Bar\" ptr=\"0x106d1dbc0\" visibility=\"visible\" width=\"393\" x=\"0\" y=\"769\">\n                                                        <_UIBarBackground alpha=\"1.0\" class=\"_UIBarBackground\" focused=\"false\" height=\"83\" ptr=\"0x106d1e000\" visibility=\"visible\" width=\"393\" x=\"0\" y=\"0\">\n                                                            <UIImageView alpha=\"1.0\" class=\"UIImageView\" focused=\"false\" height=\"83\" ptr=\"0x106b21460\" visibility=\"visible\" width=\"393\" x=\"0\" y=\"0\" />\n                                                            <_UIBarBackgroundShadowView alpha=\"1.0\" class=\"_UIBarBackgroundShadowView\" focused=\"false\" height=\"0\" ptr=\"0x106b26630\" visibility=\"visible\" width=\"393\" x=\"0\" y=\"0\">\n                                                                <_UIBarBackgroundShadowContentImageView alpha=\"1.0\" class=\"_UIBarBackgroundShadowContentImageView\" focused=\"false\" height=\"0\" ptr=\"0x106b272e0\" visibility=\"visible\" width=\"393\" x=\"0\" y=\"0\" />\n                                                            </_UIBarBackgroundShadowView>\n                                                        </_UIBarBackground>\n                                                        <UITabBarButton alpha=\"1.0\" class=\"UITabBarButton\" focused=\"false\" height=\"48\" label=\"Home\" ptr=\"0x106b11a70\" visibility=\"visible\" width=\"127\" x=\"2\" y=\"1\">\n                                                            <UITabBarSwappableImageView alpha=\"1.0\" class=\"UITabBarSwappableImageView\" focused=\"false\" height=\"28\" id=\"house.fill\" label=\"home\" ptr=\"0x106b17400\" visibility=\"visible\" width=\"33\" x=\"46\" y=\"3\" />\n                                                            <UITabBarButtonLabel alpha=\"1.0\" class=\"UITabBarButtonLabel\" focused=\"false\" height=\"12\" label=\"Home\" ptr=\"0x106b11d40\" text=\"Home\" visibility=\"visible\" width=\"29\" x=\"49\" y=\"34\" />\n                                                        </UITabBarButton>\n                                                        <UITabBarButton alpha=\"1.0\" class=\"UITabBarButton\" focused=\"false\" height=\"48\" label=\"Updates\" ptr=\"0x106b1a420\" visibility=\"visible\" width=\"127\" x=\"133\" y=\"1\">\n                                                            <UITabBarSwappableImageView alpha=\"1.0\" class=\"UITabBarSwappableImageView\" focused=\"false\" height=\"27\" id=\"arrow.trianglehead.2.clockwise.rotate.90\" label=\"arrow.trianglehead.2.clockwise.rotate.90\" ptr=\"0x106b1b030\" visibility=\"visible\" width=\"28\" x=\"49\" y=\"3\" />\n                                                            <UITabBarButtonLabel alpha=\"1.0\" class=\"UITabBarButtonLabel\" focused=\"false\" height=\"12\" label=\"Updates\" ptr=\"0x106b1a6f0\" text=\"Updates\" visibility=\"visible\" width=\"41\" x=\"42\" y=\"34\" />\n                                                        </UITabBarButton>\n                                                        <UITabBarButton alpha=\"1.0\" class=\"UITabBarButton\" focused=\"false\" height=\"48\" label=\"Settings\" ptr=\"0x106b1d9e0\" visibility=\"visible\" width=\"127\" x=\"264\" y=\"1\">\n                                                            <UITabBarSwappableImageView alpha=\"1.0\" class=\"UITabBarSwappableImageView\" focused=\"false\" height=\"28\" id=\"gearshape.fill\" label=\"gearshape.fill\" ptr=\"0x106b1e840\" visibility=\"visible\" width=\"28\" x=\"49\" y=\"3\" />\n                                                            <UITabBarButtonLabel alpha=\"1.0\" class=\"UITabBarButtonLabel\" focused=\"false\" height=\"12\" label=\"Settings\" ptr=\"0x106b1df00\" text=\"Settings\" visibility=\"visible\" width=\"41\" x=\"42\" y=\"34\" />\n                                                        </UITabBarButton>\n                                                    </UITabBar>\n                                                </UILayoutContainerView>\n                                            </_TtGC7SwiftUI16PlatformViewHostGVS_42PlatformViewControllerRepresentableAdaptorVS_P10$1d4142b1421UIKitAdaptableTabView__>\n                                        </_TtGC7SwiftUI14_UIHostingViewVVS_P10$1d4166b7821BridgedNavigationView8RootView_>\n                                    </UIViewControllerWrapperView>\n                                </UINavigationTransitionView>\n                                <SwiftUI.UIKitToolbar alpha=\"1.0\" class=\"SwiftUI.UIKitToolbar\" focused=\"false\" height=\"49\" id=\"Toolbar\" label=\"Toolbar\" ptr=\"0x106d27c00\" visibility=\"invisible\" width=\"393\" x=\"0\" y=\"852\">\n                                    <_UIBarBackground alpha=\"1.0\" class=\"_UIBarBackground\" focused=\"false\" height=\"83\" ptr=\"0x106d20180\" visibility=\"visible\" width=\"393\" x=\"0\" y=\"0\">\n                                        <UIVisualEffectView alpha=\"1.0\" class=\"UIVisualEffectView\" focused=\"false\" height=\"83\" ptr=\"0x106d21180\" visibility=\"visible\" width=\"393\" x=\"0\" y=\"0\">\n                                            <_UIVisualEffectBackdropView alpha=\"1.0\" class=\"_UIVisualEffectBackdropView\" focused=\"false\" height=\"83\" ptr=\"0x106d288d0\" visibility=\"visible\" width=\"393\" x=\"0\" y=\"0\" />\n                                        </UIVisualEffectView>\n                                        <_UIBarBackgroundShadowView alpha=\"1.0\" class=\"_UIBarBackgroundShadowView\" focused=\"false\" height=\"0\" ptr=\"0x106d16960\" visibility=\"visible\" width=\"393\" x=\"0\" y=\"0\">\n                                            <_UIBarBackgroundShadowContentImageView alpha=\"1.0\" class=\"_UIBarBackgroundShadowContentImageView\" focused=\"false\" height=\"0\" ptr=\"0x106d290e0\" visibility=\"visible\" width=\"393\" x=\"0\" y=\"0\" />\n                                        </_UIBarBackgroundShadowView>\n                                    </_UIBarBackground>\n                                </SwiftUI.UIKitToolbar>\n                            </UILayoutContainerView>\n                        </_TtGC7SwiftUI16PlatformViewHostGVS_42PlatformViewControllerRepresentableAdaptorVS_P10$1d4166b7821BridgedNavigationView__>\n                    </_TtGC7SwiftUI14_UIHostingViewV13EXDevLauncher19DevLauncherRootView_>\n                </UIView>\n            </UIDropShadowView>\n        </UITransitionView>\n    </UIWindow>\n</ViewHierarchy>",
      "windows": [
        "<UIWindow: 0x106e0a970; frame = (0 0; 393 852);>",
        "<DTXTouchVisualizerWindow: 0x106c1c6d0; frame = (0 0; 393 852);>"
      ],
      "visibilityFailingRectsURL": "/Users/russellbrown/Library/Developer/CoreSimulator/Devices/A90F393D-72AC-4F90-BBE5-9C3B184A3157/data/Containers/Data/Application/A9A6640B-F0F7-4FD8-9E99-4E975998EAB7/tmp/visibilityFailingRects",
      "visibilityFailingScreenshotsURL": "/Users/russellbrown/Library/Developer/CoreSimulator/Devices/A90F393D-72AC-4F90-BBE5-9C3B184A3157/data/Containers/Data/Application/A9A6640B-F0F7-4FD8-9E99-4E975998EAB7/tmp/visibilityFailingScreenshots",
      "NSLocalizedDescription": "Timed out while waiting for expectation: TOBEVISIBLE WITH MATCHER(id == “onboarding-next”) TIMEOUT(10s)"
    },
    "messageId": 3,
    "type": "testFailed"
  }
23:01:20.910 detox[25239] [90mi[39m get message
  data: {"params":{"details":"Timed out while waiting for expectation: TOBEVISIBLE WITH MATCHER(id == “onboarding-next”) TIMEOUT(10s)","DetoxFailureInformation":{"lineNumber":154,"file":"/Users/builder/uibuilder/work/detox/ios/Detox/Invocation/Expectation.swift","functionName":"evaluate_after(startDate:completionHandler:)"},"viewHierarchy":"<?xml version=\"1.0\" encoding=\"utf-8\"?>\n<ViewHierarchy>\n    <UIWindow alpha=\"1.0\" class=\"UIWindow\" focused=\"false\" height=\"852\" ptr=\"0x106e0a970\" visibility=\"visible\" width=\"393\">\n        <UITransitionView alpha=\"1.0\" class=\"UITransitionView\" focused=\"false\" height=\"852\" ptr=\"0x106c0fc70\" visibility=\"visible\" width=\"393\" x=\"0\" y=\"0\">\n            <UIDropShadowView alpha=\"1.0\" class=\"UIDropShadowView\" focused=\"false\" height=\"852\" ptr=\"0x106c10330\" visibility=\"visible\" width=\"393\" x=\"0\" y=\"0\">\n                <UIView alpha=\"1.0\" class=\"UIView\" focused=\"false\" height=\"852\" ptr=\"0x106c0b760\" visibility=\"visible\" width=\"393\" x=\"0\" y=\"0\">\n                    <_TtGC7SwiftUI14_UIHostingViewV13EXDevLauncher19DevLauncherRootView_ alpha=\"1.0\" class=\"_TtGC7SwiftUI14_UIHostingViewV13EXDevLauncher19DevLauncherRootView_\" focused=\"false\" height=\"852\" ptr=\"0x106b0f170\" visibility=\"visible\" width=\"393\" x=\"0\" y=\"0\">\n                        <_TtGC7SwiftUI16PlatformViewHostGVS_42PlatformViewControllerRepresentableAdaptorVS_P10$1d4166b7821BridgedNavigationView__ alpha=\"1.0\" class=\"_TtGC7SwiftUI16PlatformViewHostGVS_42PlatformViewControllerRepresentableAdaptorVS_P10$1d4166b7821BridgedNavigationView__\" focused=\"false\" height=\"852\" ptr=\"0x106c0a510\" visibility=\"visible\" width=\"393\" x=\"0\" y=\"0\">\n                            <UILayoutContainerView alpha=\"1.0\" class=\"UILayoutContainerView\" focused=\"false\" height=\"852\" ptr=\"0x106c13940\" visibility=\"visible\" width=\"393\" x=\"0\" y=\"0\">\n                                <UINavigationTransitionView alpha=\"1.0\" class=\"UINavigationTransitionView\" focused=\"false\" height=\"852\" ptr=\"0x106c13cf0\" visibility=\"visible\" width=\"393\" x=\"0\" y=\"0\">\n                                    <UIViewControllerWrapperView alpha=\"1.0\" class=\"UIViewControllerWrapperView\" focused=\"false\" height=\"852\" ptr=\"0x106c192e0\" visibility=\"visible\" width=\"393\" x=\"0\" y=\"0\">\n                                        <_TtGC7SwiftUI14_UIHostingViewVVS_P10$1d4166b7821BridgedNavigationView8RootView_ alpha=\"1.0\" class=\"_TtGC7SwiftUI14_UIHostingViewVVS_P10$1d4166b7821BridgedNavigationView8RootView_\" focused=\"false\" height=\"852\" ptr=\"0x106b12f20\" visibility=\"visible\" width=\"393\" x=\"0\" y=\"0\">\n                                            <_TtGC7SwiftUI16PlatformViewHostGVS_42PlatformViewControllerRepresentableAdaptorVS_P10$1d4142b1421UIKitAdaptableTabView__ alpha=\"1.0\" class=\"_TtGC7SwiftUI16PlatformViewHostGVS_42PlatformViewControllerRepresentableAdaptorVS_P10$1d4142b1421UIKitAdaptableTabView__\" focused=\"false\" height=\"852\" ptr=\"0x106d1eb00\" visibility=\"visible\" width=\"393\" x=\"0\" y=\"0\">\n                                                <UILayoutContainerView alpha=\"1.0\" class=\"UILayoutContainerView\" focused=\"false\" height=\"852\" ptr=\"0x106d1d550\" visibility=\"visible\" width=\"393\" x=\"0\" y=\"0\">\n                                                    <UITransitionView alpha=\"1.0\" class=\"UITransitionView\" focused=\"false\" height=\"852\" ptr=\"0x106d1e320\" visibility=\"visible\" width=\"393\" x=\"0\" y=\"0\">\n                                                        <UIViewControllerWrapperView alpha=\"1.0\" class=\"UIViewControllerWrapperView\" focused=\"false\" height=\"852\" ptr=\"0x106b191f0\" visibility=\"visible\" width=\"393\" x=\"0\" y=\"0\">\n                                                            <_TtCC7SwiftUI20TabHostingControllerP33_E387C3C47C0D2A0931533D8490A5A8B711HostingView alpha=\"1.0\" class=\"_TtCC7SwiftUI20TabHostingControllerP33_E387C3C47C0D2A0931533D8490A5A8B711HostingView\" focused=\"false\" height=\"852\" ptr=\"0x106d1f420\" visibility=\"visible\" width=\"393\" x=\"0\" y=\"0\">\n                                                                <SwiftUI._UIGraphicsView alpha=\"1.0\" class=\"SwiftUI._UIGraphicsView\" focused=\"false\" height=\"111\" ptr=\"0x106a2afd0\" visibility=\"visible\" width=\"393\" x=\"0\" y=\"0\" />\n                                                                <SwiftUI._UIGraphicsView alpha=\"1.0\" class=\"SwiftUI._UIGraphicsView\" focused=\"false\" height=\"32\" ptr=\"0x106a2bd70\" visibility=\"visible\" width=\"32\" x=\"16\" y=\"69\" />\n                                                                <SwiftUI.CGDrawingView alpha=\"1.0\" class=\"SwiftUI.CGDrawingView\" focused=\"false\" height=\"20\" ptr=\"0x106aa6e90\" visibility=\"visible\" width=\"103\" x=\"60\" y=\"67\" />\n                                                                <SwiftUI.CGDrawingView alpha=\"1.0\" class=\"SwiftUI.CGDrawingView\" focused=\"false\" height=\"14\" ptr=\"0x106aa7430\" visibility=\"visible\" width=\"106\" x=\"60\" y=\"89\" />\n                                                                <_TtC7SwiftUIP33_A34643117F00277B93DEBAB70EC0697122_UIShapeHitTestingView alpha=\"1.0\" class=\"_TtC7SwiftUIP33_A34643117F00277B93DEBAB70EC0697122_UIShapeHitTestingView\" focused=\"false\" height=\"36\" ptr=\"0x106aa6c10\" visibility=\"visible\" width=\"36\" x=\"341\" y=\"67\" />\n                                                                <SwiftUI._UIGraphicsView alpha=\"1.0\" class=\"SwiftUI._UIGraphicsView\" focused=\"false\" height=\"20\" ptr=\"0x106a2dc60\" visibility=\"visible\" width=\"20\" x=\"349\" y=\"75\" />\n                                                                <_TtCC7SwiftUI17HostingScrollView17PlatformContainer alpha=\"1.0\" class=\"_TtCC7SwiftUI17HostingScrollView17PlatformContainer\" focused=\"false\" height=\"740\" ptr=\"0x106d2a900\" visibility=\"visible\" width=\"393\" x=\"0\" y=\"111\">\n                                                                    <SwiftUI.HostingScrollView alpha=\"1.0\" class=\"SwiftUI.HostingScrollView\" focused=\"false\" height=\"740\" ptr=\"0x10a8b6000\" visibility=\"visible\" width=\"393\" x=\"0\" y=\"0\">\n                                                                        <_TtCC7SwiftUI17HostingScrollView22PlatformGroupContainer alpha=\"1.0\" class=\"_TtCC7SwiftUI17HostingScrollView22PlatformGroupContainer\" focused=\"false\" height=\"173\" ptr=\"0x106d26100\" visibility=\"visible\" width=\"393\" x=\"0\" y=\"0\">\n                                                                            <SwiftUI.CGDrawingView alpha=\"1.0\" class=\"SwiftUI.CGDrawingView\" focused=\"false\" height=\"14\" ptr=\"0x106aa75d0\" visibility=\"visible\" width=\"145\" x=\"16\" y=\"16\" />\n                                                                            <SwiftUI.CGDrawingView alpha=\"1.0\" class=\"SwiftUI.CGDrawingView\" focused=\"false\" height=\"14\" ptr=\"0x106aa7b90\" visibility=\"visible\" width=\"28\" x=\"348\" y=\"16\" />\n                                                                            <SwiftUI.CGDrawingView alpha=\"1.0\" class=\"SwiftUI.CGDrawingView\" focused=\"false\" height=\"20\" ptr=\"0x106a97120\" visibility=\"visible\" width=\"234\" x=\"32\" y=\"58\" />\n                                                                            <SwiftUI._UIGraphicsView alpha=\"1.0\" class=\"SwiftUI._UIGraphicsView\" focused=\"false\" height=\"0\" ptr=\"0x106a30c10\" visibility=\"visible\" width=\"361\" x=\"16\" y=\"100\" />\n                                                                            <SwiftUI._UIGraphicsView alpha=\"1.0\" class=\"SwiftUI._UIGraphicsView\" focused=\"false\" height=\"49\" ptr=\"0x106a31660\" visibility=\"visible\" width=\"361\" x=\"16\" y=\"107\" />\n                                                                            <_TtC7SwiftUIP33_A34643117F00277B93DEBAB70EC0697122_UIShapeHitTestingView alpha=\"1.0\" class=\"_TtC7SwiftUIP33_A34643117F00277B93DEBAB70EC0697122_UIShapeHitTestingView\" focused=\"false\" height=\"15\" ptr=\"0x106aa6950\" visibility=\"visible\" width=\"9\" x=\"35\" y=\"124\" />\n                                                                            <SwiftUI.CGDrawingView alpha=\"1.0\" class=\"SwiftUI.CGDrawingView\" focused=\"false\" height=\"17\" ptr=\"0x106aa7770\" visibility=\"visible\" width=\"126\" x=\"53\" y=\"123\" />\n                                                                        </_TtCC7SwiftUI17HostingScrollView22PlatformGroupContainer>\n                                                                        <_UIScrollViewScrollIndicator alpha=\"0.0\" class=\"_UIScrollViewScrollIndicator\" focused=\"false\" height=\"142\" label=\"Vertical scroll bar, 1 page\" ptr=\"0x106aa79e0\" value=\"0%\" visibility=\"visible\" width=\"3\" x=\"387\" y=\"511\">\n                                                                            <UIView alpha=\"1.0\" class=\"UIView\" focused=\"false\" height=\"142\" ptr=\"0x106a2cb30\" visibility=\"visible\" width=\"3\" x=\"0\" y=\"0\" />\n                                                                        </_UIScrollViewScrollIndicator>\n                                                                    </SwiftUI.HostingScrollView>\n                                                                </_TtCC7SwiftUI17HostingScrollView17PlatformContainer>\n                                                            </_TtCC7SwiftUI20TabHostingControllerP33_E387C3C47C0D2A0931533D8490A5A8B711HostingView>\n                                                        </UIViewControllerWrapperView>\n                                                    </UITransitionView>\n                                                    <UITabBar alpha=\"1.0\" class=\"UITabBar\" focused=\"false\" height=\"83\" label=\"Tab Bar\" ptr=\"0x106d1dbc0\" visibility=\"visible\" width=\"393\" x=\"0\" y=\"769\">\n                                                        <_UIBarBackground alpha=\"1.0\" class=\"_UIBarBackground\" focused=\"false\" height=\"83\" ptr=\"0x106d1e000\" visibility=\"visible\" width=\"393\" x=\"0\" y=\"0\">\n                                                            <UIImageView alpha=\"1.0\" class=\"UIImageView\" focused=\"false\" height=\"83\" ptr=\"0x106b21460\" visibility=\"visible\" width=\"393\" x=\"0\" y=\"0\" />\n                                                            <_UIBarBackgroundShadowView alpha=\"1.0\" class=\"_UIBarBackgroundShadowView\" focused=\"false\" height=\"0\" ptr=\"0x106b26630\" visibility=\"visible\" width=\"393\" x=\"0\" y=\"0\">\n                                                                <_UIBarBackgroundShadowContentImageView alpha=\"1.0\" class=\"_UIBarBackgroundShadowContentImageView\" focused=\"false\" height=\"0\" ptr=\"0x106b272e0\" visibility=\"visible\" width=\"393\" x=\"0\" y=\"0\" />\n                                                            </_UIBarBackgroundShadowView>\n                                                        </_UIBarBackground>\n                                                        <UITabBarButton alpha=\"1.0\" class=\"UITabBarButton\" focused=\"false\" height=\"48\" label=\"Home\" ptr=\"0x106b11a70\" visibility=\"visible\" width=\"127\" x=\"2\" y=\"1\">\n                                                            <UITabBarSwappableImageView alpha=\"1.0\" class=\"UITabBarSwappableImageView\" focused=\"false\" height=\"28\" id=\"house.fill\" label=\"home\" ptr=\"0x106b17400\" visibility=\"visible\" width=\"33\" x=\"46\" y=\"3\" />\n                                                            <UITabBarButtonLabel alpha=\"1.0\" class=\"UITabBarButtonLabel\" focused=\"false\" height=\"12\" label=\"Home\" ptr=\"0x106b11d40\" text=\"Home\" visibility=\"visible\" width=\"29\" x=\"49\" y=\"34\" />\n                                                        </UITabBarButton>\n                                                        <UITabBarButton alpha=\"1.0\" class=\"UITabBarButton\" focused=\"false\" height=\"48\" label=\"Updates\" ptr=\"0x106b1a420\" visibility=\"visible\" width=\"127\" x=\"133\" y=\"1\">\n                                                            <UITabBarSwappableImageView alpha=\"1.0\" class=\"UITabBarSwappableImageView\" focused=\"false\" height=\"27\" id=\"arrow.trianglehead.2.clockwise.rotate.90\" label=\"arrow.trianglehead.2.clockwise.rotate.90\" ptr=\"0x106b1b030\" visibility=\"visible\" width=\"28\" x=\"49\" y=\"3\" />\n                                                            <UITabBarButtonLabel alpha=\"1.0\" class=\"UITabBarButtonLabel\" focused=\"false\" height=\"12\" label=\"Updates\" ptr=\"0x106b1a6f0\" text=\"Updates\" visibility=\"visible\" width=\"41\" x=\"42\" y=\"34\" />\n                                                        </UITabBarButton>\n                                                        <UITabBarButton alpha=\"1.0\" class=\"UITabBarButton\" focused=\"false\" height=\"48\" label=\"Settings\" ptr=\"0x106b1d9e0\" visibility=\"visible\" width=\"127\" x=\"264\" y=\"1\">\n                                                            <UITabBarSwappableImageView alpha=\"1.0\" class=\"UITabBarSwappableImageView\" focused=\"false\" height=\"28\" id=\"gearshape.fill\" label=\"gearshape.fill\" ptr=\"0x106b1e840\" visibility=\"visible\" width=\"28\" x=\"49\" y=\"3\" />\n                                                            <UITabBarButtonLabel alpha=\"1.0\" class=\"UITabBarButtonLabel\" focused=\"false\" height=\"12\" label=\"Settings\" ptr=\"0x106b1df00\" text=\"Settings\" visibility=\"visible\" width=\"41\" x=\"42\" y=\"34\" />\n                                                        </UITabBarButton>\n                                                    </UITabBar>\n                                                </UILayoutContainerView>\n                                            </_TtGC7SwiftUI16PlatformViewHostGVS_42PlatformViewControllerRepresentableAdaptorVS_P10$1d4142b1421UIKitAdaptableTabView__>\n                                        </_TtGC7SwiftUI14_UIHostingViewVVS_P10$1d4166b7821BridgedNavigationView8RootView_>\n                                    </UIViewControllerWrapperView>\n                                </UINavigationTransitionView>\n                                <SwiftUI.UIKitToolbar alpha=\"1.0\" class=\"SwiftUI.UIKitToolbar\" focused=\"false\" height=\"49\" id=\"Toolbar\" label=\"Toolbar\" ptr=\"0x106d27c00\" visibility=\"invisible\" width=\"393\" x=\"0\" y=\"852\">\n                                    <_UIBarBackground alpha=\"1.0\" class=\"_UIBarBackground\" focused=\"false\" height=\"83\" ptr=\"0x106d20180\" visibility=\"visible\" width=\"393\" x=\"0\" y=\"0\">\n                                        <UIVisualEffectView alpha=\"1.0\" class=\"UIVisualEffectView\" focused=\"false\" height=\"83\" ptr=\"0x106d21180\" visibility=\"visible\" width=\"393\" x=\"0\" y=\"0\">\n                                            <_UIVisualEffectBackdropView alpha=\"1.0\" class=\"_UIVisualEffectBackdropView\" focused=\"false\" height=\"83\" ptr=\"0x106d288d0\" visibility=\"visible\" width=\"393\" x=\"0\" y=\"0\" />\n                                        </UIVisualEffectView>\n                                        <_UIBarBackgroundShadowView alpha=\"1.0\" class=\"_UIBarBackgroundShadowView\" focused=\"false\" height=\"0\" ptr=\"0x106d16960\" visibility=\"visible\" width=\"393\" x=\"0\" y=\"0\">\n                                            <_UIBarBackgroundShadowContentImageView alpha=\"1.0\" class=\"_UIBarBackgroundShadowContentImageView\" focused=\"false\" height=\"0\" ptr=\"0x106d290e0\" visibility=\"visible\" width=\"393\" x=\"0\" y=\"0\" />\n                                        </_UIBarBackgroundShadowView>\n                                    </_UIBarBackground>\n                                </SwiftUI.UIKitToolbar>\n                            </UILayoutContainerView>\n                        </_TtGC7SwiftUI16PlatformViewHostGVS_42PlatformViewControllerRepresentableAdaptorVS_P10$1d4166b7821BridgedNavigationView__>\n                    </_TtGC7SwiftUI14_UIHostingViewV13EXDevLauncher19DevLauncherRootView_>\n                </UIView>\n            </UIDropShadowView>\n        </UITransitionView>\n    </UIWindow>\n</ViewHierarchy>","windows":["<UIWindow: 0x106e0a970; frame = (0 0; 393 852);>","<DTXTouchVisualizerWindow: 0x106c1c6d0; frame = (0 0; 393 852);>"],"visibilityFailingRectsURL":"/Users/russellbrown/Library/Developer/CoreSimulator/Devices/A90F393D-72AC-4F90-BBE5-9C3B184A3157/data/Containers/Data/Application/A9A6640B-F0F7-4FD8-9E99-4E975998EAB7/tmp/visibilityFailingRects","visibilityFailingScreenshotsURL":"/Users/russellbrown/Library/Developer/CoreSimulator/Devices/A90F393D-72AC-4F90-BBE5-9C3B184A3157/data/Containers/Data/Application/A9A6640B-F0F7-4FD8-9E99-4E975998EAB7/tmp/visibilityFailingScreenshots","NSLocalizedDescription":"Timed out while waiting for expectation: TOBEVISIBLE WITH MATCHER(id == “onboarding-next”) TIMEOUT(10s)"},"messageId":3,"type":"testFailed"}
   
23:01:20.911 detox[25239] [90mE[39m wait until timeout (10000 ms) with timeout (10000 ms)
  error: Test Failed: Timed out while waiting for expectation: TOBEVISIBLE WITH MATCHER(id == “onboarding-next”) TIMEOUT(10s)
  
  HINT: To print view hierarchy on failed actions/matches, use log-level verbose or higher.
23:01:20.911 detox[25239] [90mB[39m onTestFnFailure
  args: ({"error":{"name":"DetoxRuntimeError"}})
23:01:20.911 detox[25239] [90mi[39m starting SimulatorScreenshot
23:01:20.911 detox[25239] [90mi[39m /usr/bin/xcrun simctl io A90F393D-72AC-4F90-BBE5-9C3B184A3157 screenshot "/private/var/folders/tt/916p_lms6lnf31hx0kmlsmjh0000gn/T/detox-25239-hyJ91r.detox.png"
23:01:21.086 detox[25239] [90mi[39m Detected file type 'PNG' from extension
Wrote screenshot to: /private/var/folders/tt/916p_lms6lnf31hx0kmlsmjh0000gn/T/detox-25239-hyJ91r.detox.png

23:01:21.086 detox[25239] [90mi[39m stopping SimulatorScreenshot
23:01:21.086 detox[25239] [90mE[39m onTestFnFailure
23:01:21.086 detox[25239] [90mE[39m test_fn
  error: Test Failed: Timed out while waiting for expectation: TOBEVISIBLE WITH MATCHER(id == “onboarding-next”) TIMEOUT(10s)
  
  HINT: To print view hierarchy on failed actions/matches, use log-level verbose or higher.
23:01:21.087 detox[25239] [90mB[39m onTestDone
  args: ({"title":"completes onboarding and lands on Meditate","fullName":"Onboarding to Meditate completes onboarding and lands on Meditate","status":"failed","invocations":1,"timedOut":false})
23:01:21.087 detox[25239] [90mi[39m starting SimulatorScreenshot
23:01:21.087 detox[25239] [90mi[39m /usr/bin/xcrun simctl io A90F393D-72AC-4F90-BBE5-9C3B184A3157 screenshot "/private/var/folders/tt/916p_lms6lnf31hx0kmlsmjh0000gn/T/detox-25239-29qij4.detox.png"
23:01:21.088 detox[25238] [90mi[39m get
  data: {"type":"setRecordingState","params":{},"messageId":5}
23:01:21.088 detox[25239] [90mi[39m stopping SimulatorInstrumentsRecording
23:01:21.088 detox[25239] [90mi[39m send message
  data: {"type":"setRecordingState","params":{},"messageId":5}
23:01:21.089 detox[25238] [90mi[39m send
  data: {
    "type": "setRecordingState",
    "params": {},
    "messageId": 5
  }
23:01:21.089 detox[25238] [90mi[39m get
  data: {"type":"setRecordingStateDone","params":{},"messageId":5}
23:01:21.089 detox[25238] [90mi[39m send
  data: {
    "type": "setRecordingStateDone",
    "params": {},
    "messageId": 5
  }
23:01:21.089 detox[25239] [90mi[39m get message
  data: {"type":"setRecordingStateDone","params":{},"messageId":5}
   
23:01:21.091 detox[25239] [90mi[39m saving SimulatorInstrumentsRecording to: e2e/artifacts/ios.debug.2025-09-22 22-00-59Z/✗ Onboarding to Meditate completes onboarding and lands on Meditate/test.dtxrec
23:01:21.091 detox[25239] [90mi[39m did not find temporary file: /private/var/folders/tt/916p_lms6lnf31hx0kmlsmjh0000gn/T/detox-25239-Lr0sKs.detox.dtxrec
23:01:21.091 detox[25239] [90mi[39m Make sure either:
1. You have installed Detox Instruments:
   https://github.com/wix/DetoxInstruments#installation
2. You have integrated Detox Instruments in your app:
   https://github.com/wix/DetoxInstruments/blob/master/Documentation/XcodeIntegrationGuide.md
3. You have set the environment variable with your custom Detox Instruments location:
   export DETOX_INSTRUMENTS_PATH="/path/to/Detox Instruments.app"
23:01:21.246 detox[25239] [90mi[39m Detected file type 'PNG' from extension
Wrote screenshot to: /private/var/folders/tt/916p_lms6lnf31hx0kmlsmjh0000gn/T/detox-25239-29qij4.detox.png

23:01:21.246 detox[25239] [90mi[39m stopping SimulatorScreenshot
23:01:21.247 detox[25239] [90mi[39m stopping SimulatorLogRecording
23:01:21.247 detox[25239] [90mi[39m saving SimulatorScreenshot to: e2e/artifacts/ios.debug.2025-09-22 22-00-59Z/✗ Onboarding to Meditate completes onboarding and lands on Meditate/testStart.png
23:01:21.247 detox[25239] [90mi[39m moving "/private/var/folders/tt/916p_lms6lnf31hx0kmlsmjh0000gn/T/detox-25239-34VlcE.detox.png" to e2e/artifacts/ios.debug.2025-09-22 22-00-59Z/✗ Onboarding to Meditate completes onboarding and lands on Meditate/testStart.png
23:01:21.248 detox[25239] [90mi[39m saving SimulatorScreenshot to: e2e/artifacts/ios.debug.2025-09-22 22-00-59Z/✗ Onboarding to Meditate completes onboarding and lands on Meditate/testFnFailure.png
23:01:21.248 detox[25239] [90mi[39m moving "/private/var/folders/tt/916p_lms6lnf31hx0kmlsmjh0000gn/T/detox-25239-hyJ91r.detox.png" to e2e/artifacts/ios.debug.2025-09-22 22-00-59Z/✗ Onboarding to Meditate completes onboarding and lands on Meditate/testFnFailure.png
23:01:21.248 detox[25239] [90mi[39m saving SimulatorScreenshot to: e2e/artifacts/ios.debug.2025-09-22 22-00-59Z/✗ Onboarding to Meditate completes onboarding and lands on Meditate/testDone.png
23:01:21.248 detox[25239] [90mi[39m moving "/private/var/folders/tt/916p_lms6lnf31hx0kmlsmjh0000gn/T/detox-25239-29qij4.detox.png" to e2e/artifacts/ios.debug.2025-09-22 22-00-59Z/✗ Onboarding to Meditate completes onboarding and lands on Meditate/testDone.png
23:01:21.299 detox[25239] [90mi[39m sending SIGINT to: /usr/bin/xcrun simctl spawn A90F393D-72AC-4F90-BBE5-9C3B184A3157 log stream --level debug --style compact --predicate processImagePath beginsWith "/Users/russellbrown/Library/Developer/CoreSimulator/Devices/A90F393D-72AC-4F90-BBE5-9C3B184A3157/data/Containers/Bundle/Application/B9A7D8F4-1580-46F0-922B-CCF15FF84A04/TimedancersMeditation.app"
23:01:21.306 detox[25239] [90mi[39m /usr/bin/xcrun simctl spawn A90F393D-72AC-4F90-BBE5-9C3B184A3157 log stream --level debug --style compact --predicate "processImagePath beginsWith \"/Users/russellbrown/Library/Developer/CoreSimulator/Devices/A90F393D-72AC-4F90-BBE5-9C3B184A3157/data/Containers/Bundle/Application/B9A7D8F4-1580-46F0-922B-CCF15FF84A04/TimedancersMeditation.app\"" exited with code #0
23:01:21.307 detox[25239] [90mE[39m onTestDone
23:01:21.307 detox[25239] [90mE[39m completes onboarding and lands on Meditate
23:01:21.307 detox[25239] [90mi[39m Onboarding to Meditate: completes onboarding and lands on Meditate [FAIL]
23:01:21.308 detox[25239] [90mB[39m onRunDescribeFinish
  args: ({"name":"Onboarding to Meditate"})
23:01:21.308 detox[25239] [90mE[39m onRunDescribeFinish
23:01:21.308 detox[25239] [90mE[39m Onboarding to Meditate
23:01:21.308 detox[25239] [90mB[39m onRunDescribeFinish
  args: ({"name":"ROOT_DESCRIBE_BLOCK"})
23:01:21.308 detox[25239] [90mE[39m onRunDescribeFinish
23:01:21.308 detox[25239] [90mE[39m run the tests
23:01:21.319 detox[25239] [90mB[39m tear down environment
23:01:21.319 detox[25239] [90mB[39m onBeforeCleanup
  args: ()
23:01:21.320 detox[25239] [90mi[39m saving SimulatorLogRecording to: e2e/artifacts/ios.debug.2025-09-22 22-00-59Z/✗ Onboarding to Meditate completes onboarding and lands on Meditate/device.log
23:01:21.320 detox[25239] [90mi[39m moving "/private/var/folders/tt/916p_lms6lnf31hx0kmlsmjh0000gn/T/detox-25239-C1vOso.detox.log" to e2e/artifacts/ios.debug.2025-09-22 22-00-59Z/✗ Onboarding to Meditate completes onboarding and lands on Meditate/device.log
23:01:21.320 detox[25239] [90mi[39m saving SimulatorLogRecording to: e2e/artifacts/ios.debug.2025-09-22 22-00-59Z/A90F393D-72AC-4F90-BBE5-9C3B184A3157 2025-09-22 22-01-21Z.startup.log
23:01:21.321 detox[25239] [90mi[39m moving "/private/var/folders/tt/916p_lms6lnf31hx0kmlsmjh0000gn/T/detox-25239-LT0vm0.detox.log" to e2e/artifacts/ios.debug.2025-09-22 22-00-59Z/A90F393D-72AC-4F90-BBE5-9C3B184A3157 2025-09-22 22-01-21Z.startup.log
23:01:21.321 detox[25239] [90mi[39m saving FileArtifact to: e2e/artifacts/ios.debug.2025-09-22 22-00-59Z/detox_pid_25239.json.log { append: true }
23:01:21.321 detox[25239] [90mi[39m saving FileArtifact to: e2e/artifacts/ios.debug.2025-09-22 22-00-59Z/detox_pid_25239.log { append: true }
23:01:21.321 detox[25239] [90mE[39m onBeforeCleanup
23:01:21.322 detox[25238] [90mi[39m get
  data: {"type":"cleanup","params":{"stopRunner":false},"messageId":-49642}
23:01:21.322 detox[25238] [90mi[39m send
  data: {
    "type": "cleanup",
    "params": {
      "stopRunner": false
    },
    "messageId": -49642
  }
23:01:21.322 detox[25239] [90mi[39m send message
  data: {"type":"cleanup","params":{"stopRunner":false},"messageId":-49642}
23:01:21.324 detox[25238] [90mi[39m get
  data: {"messageId":-49642,"type":"cleanupDone","params":{}}
23:01:21.324 detox[25238] [90mi[39m send
  data: {
    "messageId": -49642,
    "type": "cleanupDone",
    "params": {}
  }
23:01:21.324 detox[25239] [90mi[39m get message
  data: {"messageId":-49642,"type":"cleanupDone","params":{}}
   
23:01:21.325 detox[25238] [90mi[39m tester exited session 46d9381e-1fe3-8715-c765-010c61f7b645
23:01:21.325 detox[25238] [90mi[39m send
  data: {
    "type": "testerDisconnected",
    "messageId": -1
  }
23:01:21.325 detox[25238] [90mE[39m connection :54973<->:54976
23:01:21.325 detox[25239] [90mi[39m dispatching event to  primary-25238 /tmp/detox.primary-25238  :  deallocateDevice , {
  deviceCookie: {
    id: 'A90F393D-72AC-4F90-BBE5-9C3B184A3157',
    udid: 'A90F393D-72AC-4F90-BBE5-9C3B184A3157',
    type: 'ios.simulator'
  }
}
23:01:21.326 detox[25238] [90mi[39m received event of :  deallocateDevice {
  deviceCookie: {
    id: 'A90F393D-72AC-4F90-BBE5-9C3B184A3157',
    udid: 'A90F393D-72AC-4F90-BBE5-9C3B184A3157',
    type: 'ios.simulator'
  }
}
23:01:21.326 detox[25238] [90mB[39m free: A90F393D-72AC-4F90-BBE5-9C3B184A3157
  data: {}
23:01:21.326 detox[25238] [90mE[39m free: A90F393D-72AC-4F90-BBE5-9C3B184A3157
23:01:21.327 detox[25238] [90mi[39m dispatching event to socket  :  deallocateDeviceDone {}
23:01:21.327 detox[25239] [90mi[39m ## received events ##
23:01:21.327 detox[25239] [90mi[39m detected event deallocateDeviceDone {}
23:01:21.327 detox[25239] [90mE[39m tear down environment
23:01:21.327 detox[25239] [90mE[39m e2e/onboarding.e2e.ts
23:01:21.329 detox[25238] [90mi[39m received event of :  reportTestResults {
  testResults: [
    {
      success: false,
      testFilePath: '/Users/russellbrown/Developer/timedancers-meditation/e2e/onboarding.e2e.ts',
      isPermanentFailure: false
    }
  ]
}
23:01:21.329 detox[25238] [90mi[39m dispatching event to socket  :  reportTestResultsDone {
  testResults: [
    {
      success: false,
      testFilePath: '/Users/russellbrown/Developer/timedancers-meditation/e2e/onboarding.e2e.ts',
      isPermanentFailure: false
    }
  ]
}
23:01:21.329 detox[25238] [90mi[39m broadcasting event to all known sockets listening to  /tmp/detox.primary-25238  :   sessionStateUpdate {
  testResults: [
    {
      success: false,
      testFilePath: '/Users/russellbrown/Developer/timedancers-meditation/e2e/onboarding.e2e.ts',
      isPermanentFailure: false
    }
  ]
}
23:01:21.329 detox[25239] [90mi[39m dispatching event to  primary-25238 /tmp/detox.primary-25238  :  reportTestResults , {
  testResults: [
    {
      success: false,
      testFilePath: '/Users/russellbrown/Developer/timedancers-meditation/e2e/onboarding.e2e.ts',
      testExecError: undefined,
      isPermanentFailure: false
    }
  ]
}
23:01:21.329 detox[25239] [90mi[39m ## received events ##
23:01:21.329 detox[25239] [90mi[39m detected event reportTestResultsDone {
  testResults: [
    {
      success: false,
      testFilePath: '/Users/russellbrown/Developer/timedancers-meditation/e2e/onboarding.e2e.ts',
      isPermanentFailure: false
    }
  ]
}
23:01:21.330 detox[25239] [90mi[39m connection closed primary-25238 /tmp/detox.primary-25238 0 tries remaining of 0
23:01:21.330 detox[25239] [90mi[39m secondary-25239 exceeded connection rety amount of  or stopRetrying flag set.
23:01:21.331 detox[25238] [90mi[39m socket disconnected secondary-25239
23:01:21.435 detox[25238] [90mE[39m Command failed with exit code = 1:
jest --config e2e/jest.config.js
23:01:21.435 detox[25238] [90mB[39m cleanup
  args: ()
23:01:21.436 detox[25238] [90mE[39m cleanup
23:01:21.436 detox[25238] [90mi[39m Detox server has been closed gracefully
23:01:21.437 detox[25238] [90mi[39m app exited session 46d9381e-1fe3-8715-c765-010c61f7b645
23:01:21.437 detox[25238] [90mE[39m connection :54973<->:55011
23:01:21.437 detox[25238] [90mE[39m node_modules/.bin/detox test -c ios.debug
