22:14:45.007 detox[23120] [90mB[39m node_modules/.bin/detox test -c ios.debug
  data: {
    "id": "5a687e2a-f683-a8ee-6b23-338ef047e31a",
    "detoxConfig": {
      "configurationName": "ios.debug",
      "apps": {
        "default": {
          "type": "ios.app",
          "build": "xcodebuild -workspace ios/*.xcworkspace -scheme TimedancersMeditation -configuration Debug -sdk iphonesimulator -derivedDataPath ios/build",
          "binaryPath": "ios/build/Build/Products/Debug-iphonesimulator/TimedancersMeditation.app"
        }
      },
      "artifacts": {
        "rootDir": "e2e/artifacts/ios.debug.2025-09-22 21-14-45Z",
        "plugins": {
          "log": {
            "enabled": true,
            "keepOnlyFailedTestsArtifacts": false
          },
          "screenshot": {
            "shouldTakeAutomaticSnapshots": true,
            "keepOnlyFailedTestsArtifacts": true,
            "enabled": true
          },
          "video": {
            "enabled": false,
            "keepOnlyFailedTestsArtifacts": false
          },
          "instruments": {
            "enabled": true,
            "keepOnlyFailedTestsArtifacts": false
          },
          "uiHierarchy": {
            "enabled": false,
            "keepOnlyFailedTestsArtifacts": false
          }
        }
      },
      "behavior": {
        "init": {
          "keepLockFile": false,
          "reinstallApp": true,
          "exposeGlobals": true
        },
        "cleanup": {
          "shutdownDevice": false
        },
        "launchApp": "auto"
      },
      "cli": {
        "configuration": "ios.debug",
        "start": true
      },
      "commands": [
        {
          "appName": "default",
          "build": "xcodebuild -workspace ios/*.xcworkspace -scheme TimedancersMeditation -configuration Debug -sdk iphonesimulator -derivedDataPath ios/build"
        }
      ],
      "device": {
        "type": "ios.simulator",
        "device": {
          "type": "iPhone 16"
        }
      },
      "logger": {
        "level": "info",
        "overrideConsole": true,
        "options": {
          "showLoggerName": true,
          "showPid": true,
          "showLevel": false,
          "showMetadata": false,
          "basepath": "/Users/russellbrown/Developer/timedancers-meditation/node_modules/detox/src",
          "prefixers": {},
          "stringifiers": {}
        }
      },
      "testRunner": {
        "retries": 0,
        "forwardEnv": false,
        "detached": false,
        "bail": false,
        "noRetryArgs": [
          "shard"
        ],
        "jest": {
          "setupTimeout": 300000,
          "teardownTimeout": 30000,
          "retryAfterCircusRetries": false,
          "reportWorkerAssign": true
        },
        "args": {
          "$0": "jest",
          "_": [],
          "config": "e2e/jest.config.js",
          "--": []
        },
        "$0": "jest"
      },
      "session": {
        "autoStart": true,
        "debugSynchronization": 10000
      }
    },
    "detoxIPCServer": "primary-23120",
    "testResults": [],
    "testSessionIndex": 0,
    "workersCount": 0
  }
22:14:45.009 detox[23120] [90mi[39m Server path not specified, so defaulting to ipc.config.socketRoot + ipc.config.appspace + ipc.config.id /tmp/detox.primary-23120
22:14:45.011 detox[23120] [90mi[39m starting server on  /tmp/detox.primary-23120 
22:14:45.011 detox[23120] [90mi[39m starting TLS server false
22:14:45.011 detox[23120] [90mi[39m starting server as Unix || Windows Socket
22:14:45.012 detox[23120] [90mi[39m Detox server listening on localhost:52122...
22:14:45.013 detox[23120] [90mi[39m Serialized the session state at: /private/var/folders/tt/916p_lms6lnf31hx0kmlsmjh0000gn/T/5a687e2a-f683-a8ee-6b23-338ef047e31a.detox.json
22:14:45.014 detox[23120] [90mB[39m jest --config e2e/jest.config.js
22:14:45.317 detox[23121] [90mi[39m Service path not specified, so defaulting to ipc.config.socketRoot + ipc.config.appspace + id 
22:14:45.318 detox[23121] [90mi[39m requested connection to  primary-23120 /tmp/detox.primary-23120
22:14:45.318 detox[23121] [90mi[39m Connecting client on Unix Socket : /tmp/detox.primary-23120
22:14:45.319 detox[23120] [90mi[39m ## socket connection to server detected ##
22:14:45.319 detox[23121] [90mi[39m retrying reset
22:14:45.320 detox[23121] [90mi[39m dispatching event to  primary-23120 /tmp/detox.primary-23120  :  registerContext , { id: 'secondary-23121' }
22:14:45.321 detox[23120] [90mi[39m received event of :  registerContext { id: 'secondary-23121' }
22:14:45.321 detox[23120] [90mi[39m dispatching event to socket  :  registerContextDone {
  testResults: [],
  testSessionIndex: 0,
  unsafe_earlyTeardown: undefined
}
22:14:45.321 detox[23121] [90mi[39m ## received events ##
22:14:45.321 detox[23121] [90mi[39m detected event registerContextDone { testResults: [], testSessionIndex: 0 }
22:14:45.368 detox[23121] [90mB[39m e2e/onboarding.e2e.ts
22:14:45.375 detox[23121] [90mB[39m set up environment
22:14:45.376 detox[23120] [90mi[39m received event of :  registerWorker { workerId: 'w1' }
22:14:45.376 detox[23120] [90mi[39m dispatching event to socket  :  registerWorkerDone { workersCount: 1 }
22:14:45.376 detox[23120] [90mi[39m broadcasting event to all known sockets listening to  /tmp/detox.primary-23120  :   sessionStateUpdate { workersCount: 1 }
22:14:45.376 detox[23121] [90mi[39m dispatching event to  primary-23120 /tmp/detox.primary-23120  :  registerWorker , { workerId: 'w1' }
22:14:45.376 detox[23121] [90mi[39m ## received events ##
22:14:45.376 detox[23121] [90mi[39m detected event registerWorkerDone { workersCount: 1 }
22:14:45.512 detox[23121] [90mi[39m ## received events ##
22:14:45.513 detox[23121] [90mi[39m detected event sessionStateUpdate { workersCount: 1 }
22:14:45.515 detox[23120] [90mB[39m connection :52122<->:52123
22:14:45.515 detox[23121] [90mi[39m opened web socket to: ws://localhost:52122
22:14:45.516 detox[23121] [90mi[39m send message
  data: {"type":"login","params":{"sessionId":"74fdff8c-9619-6104-6336-3f93f2a12c8c","role":"tester"},"messageId":0}
22:14:45.517 detox[23120] [90mi[39m get
  data: {"type":"login","params":{"sessionId":"74fdff8c-9619-6104-6336-3f93f2a12c8c","role":"tester"},"messageId":0}
22:14:45.517 detox[23120] [90mi[39m created session 74fdff8c-9619-6104-6336-3f93f2a12c8c
22:14:45.517 detox[23120] [90mi[39m send
  data: {
    "type": "loginSuccess",
    "params": {
      "testerConnected": true,
      "appConnected": false
    },
    "messageId": 0
  }
22:14:45.517 detox[23120] [90mi[39m tester joined session 74fdff8c-9619-6104-6336-3f93f2a12c8c
22:14:45.517 detox[23121] [90mi[39m get message
  data: {"type":"loginSuccess","params":{"testerConnected":true,"appConnected":false},"messageId":0}
   
22:14:45.669 detox[23121] [90mE[39m set up environment
  error: /Users/russellbrown/Library/Detox/ios/framework/ec6991bd5708049e5dd202db02b5795a1742a5b4/Detox.framework could not be found, this means either you changed a version of Xcode or Detox postinstall script was unsuccessful.
          To attempt a fix try running 'detox clean-framework-cache && detox build-framework-cache'
22:14:45.669 detox[23121] [90mB[39m tear down environment
22:14:45.670 detox[23120] [90mi[39m tester exited session 74fdff8c-9619-6104-6336-3f93f2a12c8c
22:14:45.670 detox[23120] [90mE[39m connection :52122<->:52123
22:14:45.670 detox[23121] [90mE[39m tear down environment
22:14:45.670 detox[23121] [90mE[39m e2e/onboarding.e2e.ts
22:14:45.677 detox[23121] [90mi[39m dispatching event to  primary-23120 /tmp/detox.primary-23120  :  reportTestResults , {
  testResults: [
    {
      success: false,
      testFilePath: '/Users/russellbrown/Developer/timedancers-meditation/e2e/onboarding.e2e.ts',
      testExecError: {
        name: 'DetoxRuntimeError',
        message: '/Users/russellbrown/Library/Detox/ios/framework/ec6991bd5708049e5dd202db02b5795a1742a5b4/Detox.framework could not be found, this means either you changed a version of Xcode or Detox postinstall script was unsuccessful.\n' +
          "        To attempt a fix try running 'detox clean-framework-cache && detox build-framework-cache'",
        stack: 'DetoxRuntimeError: /Users/russellbrown/Library/Detox/ios/framework/ec6991bd5708049e5dd202db02b5795a1742a5b4/Detox.framework could not be found, this means either you changed a version of Xcode or Detox postinstall script was unsuccessful.\n' +
          "        To attempt a fix try running 'detox clean-framework-cache && detox build-framework-cache'\n" +
          '    at IosSimulatorEnvValidator.validate (/Users/russellbrown/Developer/timedancers-meditation/node_modules/detox/src/devices/validation/ios/IosSimulatorEnvValidator.js:12:13)\n' +
          '    at processTicksAndRejections (node:internal/process/task_queues:95:5)'
      },
      isPermanentFailure: false
    }
  ]
}
22:14:45.678 detox[23120] [90mi[39m received event of :  reportTestResults {
  testResults: [
    {
      success: false,
      testFilePath: '/Users/russellbrown/Developer/timedancers-meditation/e2e/onboarding.e2e.ts',
      testExecError: {
        name: 'DetoxRuntimeError',
        message: '/Users/russellbrown/Library/Detox/ios/framework/ec6991bd5708049e5dd202db02b5795a1742a5b4/Detox.framework could not be found, this means either you changed a version of Xcode or Detox postinstall script was unsuccessful.\n' +
          "        To attempt a fix try running 'detox clean-framework-cache && detox build-framework-cache'",
        stack: 'DetoxRuntimeError: /Users/russellbrown/Library/Detox/ios/framework/ec6991bd5708049e5dd202db02b5795a1742a5b4/Detox.framework could not be found, this means either you changed a version of Xcode or Detox postinstall script was unsuccessful.\n' +
          "        To attempt a fix try running 'detox clean-framework-cache && detox build-framework-cache'\n" +
          '    at IosSimulatorEnvValidator.validate (/Users/russellbrown/Developer/timedancers-meditation/node_modules/detox/src/devices/validation/ios/IosSimulatorEnvValidator.js:12:13)\n' +
          '    at processTicksAndRejections (node:internal/process/task_queues:95:5)'
      },
      isPermanentFailure: false
    }
  ]
}
22:14:45.678 detox[23120] [90mi[39m dispatching event to socket  :  reportTestResultsDone {
  testResults: [
    {
      success: false,
      testFilePath: '/Users/russellbrown/Developer/timedancers-meditation/e2e/onboarding.e2e.ts',
      testExecError: {
        name: 'DetoxRuntimeError',
        message: '/Users/russellbrown/Library/Detox/ios/framework/ec6991bd5708049e5dd202db02b5795a1742a5b4/Detox.framework could not be found, this means either you changed a version of Xcode or Detox postinstall script was unsuccessful.\n' +
          "        To attempt a fix try running 'detox clean-framework-cache && detox build-framework-cache'",
        stack: 'DetoxRuntimeError: /Users/russellbrown/Library/Detox/ios/framework/ec6991bd5708049e5dd202db02b5795a1742a5b4/Detox.framework could not be found, this means either you changed a version of Xcode or Detox postinstall script was unsuccessful.\n' +
          "        To attempt a fix try running 'detox clean-framework-cache && detox build-framework-cache'\n" +
          '    at IosSimulatorEnvValidator.validate (/Users/russellbrown/Developer/timedancers-meditation/node_modules/detox/src/devices/validation/ios/IosSimulatorEnvValidator.js:12:13)\n' +
          '    at processTicksAndRejections (node:internal/process/task_queues:95:5)'
      },
      isPermanentFailure: false
    }
  ]
}
22:14:45.678 detox[23120] [90mi[39m broadcasting event to all known sockets listening to  /tmp/detox.primary-23120  :   sessionStateUpdate {
  testResults: [
    {
      success: false,
      testFilePath: '/Users/russellbrown/Developer/timedancers-meditation/e2e/onboarding.e2e.ts',
      testExecError: {
        name: 'DetoxRuntimeError',
        message: '/Users/russellbrown/Library/Detox/ios/framework/ec6991bd5708049e5dd202db02b5795a1742a5b4/Detox.framework could not be found, this means either you changed a version of Xcode or Detox postinstall script was unsuccessful.\n' +
          "        To attempt a fix try running 'detox clean-framework-cache && detox build-framework-cache'",
        stack: 'DetoxRuntimeError: /Users/russellbrown/Library/Detox/ios/framework/ec6991bd5708049e5dd202db02b5795a1742a5b4/Detox.framework could not be found, this means either you changed a version of Xcode or Detox postinstall script was unsuccessful.\n' +
          "        To attempt a fix try running 'detox clean-framework-cache && detox build-framework-cache'\n" +
          '    at IosSimulatorEnvValidator.validate (/Users/russellbrown/Developer/timedancers-meditation/node_modules/detox/src/devices/validation/ios/IosSimulatorEnvValidator.js:12:13)\n' +
          '    at processTicksAndRejections (node:internal/process/task_queues:95:5)'
      },
      isPermanentFailure: false
    }
  ]
}
22:14:45.678 detox[23121] [90mi[39m ## received events ##
22:14:45.678 detox[23121] [90mi[39m detected event reportTestResultsDone {
  testResults: [
    {
      success: false,
      testFilePath: '/Users/russellbrown/Developer/timedancers-meditation/e2e/onboarding.e2e.ts',
      testExecError: {
        name: 'DetoxRuntimeError',
        message: '/Users/russellbrown/Library/Detox/ios/framework/ec6991bd5708049e5dd202db02b5795a1742a5b4/Detox.framework could not be found, this means either you changed a version of Xcode or Detox postinstall script was unsuccessful.\n' +
          "        To attempt a fix try running 'detox clean-framework-cache && detox build-framework-cache'",
        stack: 'DetoxRuntimeError: /Users/russellbrown/Library/Detox/ios/framework/ec6991bd5708049e5dd202db02b5795a1742a5b4/Detox.framework could not be found, this means either you changed a version of Xcode or Detox postinstall script was unsuccessful.\n' +
          "        To attempt a fix try running 'detox clean-framework-cache && detox build-framework-cache'\n" +
          '    at IosSimulatorEnvValidator.validate (/Users/russellbrown/Developer/timedancers-meditation/node_modules/detox/src/devices/validation/ios/IosSimulatorEnvValidator.js:12:13)\n' +
          '    at processTicksAndRejections (node:internal/process/task_queues:95:5)'
      },
      isPermanentFailure: false
    }
  ]
}
22:14:45.679 detox[23120] [90mi[39m socket disconnected secondary-23121
22:14:45.679 detox[23121] [90mi[39m connection closed primary-23120 /tmp/detox.primary-23120 0 tries remaining of 0
22:14:45.679 detox[23121] [90mi[39m secondary-23121 exceeded connection rety amount of  or stopRetrying flag set.
22:14:45.781 detox[23120] [90mE[39m Command failed with exit code = 1:
jest --config e2e/jest.config.js
22:14:45.782 detox[23120] [90mi[39m Detox server has been closed gracefully
22:14:45.783 detox[23120] [90mE[39m node_modules/.bin/detox test -c ios.debug
